wandb: [wandb.login()] Loaded credentials for https://api.wandb.ai from WANDB_API_KEY.
wandb: Currently logged in as: wangzhi0467 (wth_ucsd) to https://api.wandb.ai. Use `wandb login --relogin` to force relogin
wandb: setting up run t8go5zeb
wandb: Tracking run with wandb version 0.25.0
wandb: Run data is saved locally in /data/scratch/murphy/projects/worktrees/cot-loop-binary-retrain-20260404/wandb/run-20260404_055448-t8go5zeb
wandb: Run `wandb offline` to turn off syncing.
wandb: Syncing run livecodebench-majority_s_0.5-ensemble-seed0
wandb: ‚≠źÔłŹ View project at https://wandb.ai/wth_ucsd/cot-loop-probe
wandb: ūüöÄ View run at https://wandb.ai/wth_ucsd/cot-loop-probe/runs/t8go5zeb
wandb: updating run metadata
wandb: uploading history steps 13-14, summary, console lines 14-14
wandb: 
wandb: Run history:
wandb:                   epoch ‚ĖĀ‚ĖĀ‚Ėā‚ĖÉ‚ĖÉ‚ĖÉ‚ĖĄ‚ĖÖ‚ĖÖ‚ĖÖ‚ĖÜ‚Ėá‚Ėá‚Ėá‚Ėą
wandb:           eval/accuracy ‚ĖĄ‚Ėá‚Ėá‚ĖÖ‚ĖĀ‚ĖÉ‚Ėą‚Ėá‚ĖÖ‚ĖÖ‚ĖÖ‚ĖÜ‚Ėá‚Ėá‚Ėą
wandb:           eval/macro_f1 ‚ĖĀ‚Ėá‚Ėá‚ĖÜ‚ĖÖ‚ĖÖ‚Ėą‚Ėą‚Ėá‚ĖÜ‚Ėá‚Ėá‚Ėą‚Ėą‚Ėą
wandb:        eval/positive_f1 ‚ĖĀ‚ĖÜ‚ĖÜ‚Ėá‚Ėá‚Ėá‚Ėą‚Ėą‚Ėá‚Ėá‚Ėá‚Ėą‚Ėą‚Ėą‚Ėą
wandb: eval/positive_precision ‚ĖĀ‚Ėá‚Ėą‚ĖÜ‚ĖÖ‚ĖÜ‚Ėá‚Ėá‚ĖÜ‚ĖÜ‚ĖÜ‚Ėá‚Ėá‚Ėá‚Ėá
wandb:    eval/positive_recall ‚ĖĀ‚ĖÖ‚ĖĄ‚Ėá‚Ėą‚Ėą‚Ėá‚Ėá‚Ėá‚Ėą‚Ėą‚Ėą‚Ėą‚Ėą‚Ėą
wandb:             eval/pr_auc ‚ĖĀ‚ĖÖ‚Ėą‚ĖÉ‚ĖÜ‚ĖÖ‚ĖÜ‚Ėá‚Ėá‚Ėá‚Ėá‚ĖÜ‚Ėá‚Ėá‚Ėá
wandb:         eval/prevalence ‚ĖĀ‚ĖĀ‚ĖĀ‚ĖĀ‚ĖĀ‚ĖĀ‚ĖĀ‚ĖĀ‚ĖĀ‚ĖĀ‚ĖĀ‚ĖĀ‚ĖĀ‚ĖĀ‚ĖĀ
wandb:            eval/roc_auc ‚ĖĀ‚Ėą‚Ėą‚ĖĀ‚ĖÖ‚ĖÜ‚ĖÜ‚ĖÜ‚ĖÜ‚ĖÜ‚ĖÜ‚ĖÜ‚Ėá‚Ėá‚Ėá
wandb:                    step ‚ĖĀ‚ĖĀ‚Ėā‚ĖÉ‚ĖÉ‚ĖÉ‚ĖĄ‚ĖÖ‚ĖÖ‚ĖÖ‚ĖÜ‚Ėá‚Ėá‚Ėá‚Ėą
wandb:                     +10 ...
wandb: 
wandb: Run summary:
wandb:                   epoch 15
wandb:           eval/accuracy 0.7625
wandb:           eval/macro_f1 0.75606
wandb:        eval/positive_f1 0.71642
wandb: eval/positive_precision 0.6
wandb:    eval/positive_recall 0.88889
wandb:             eval/pr_auc 0.65478
wandb:         eval/prevalence 0.3375
wandb:            eval/roc_auc 0.82818
wandb:                    step 30
wandb:                     +10 ...
wandb: 
wandb: ūüöÄ View run livecodebench-majority_s_0.5-ensemble-seed0 at: https://wandb.ai/wth_ucsd/cot-loop-probe/runs/t8go5zeb
wandb: ‚≠źÔłŹ View project at: https://wandb.ai/wth_ucsd/cot-loop-probe
wandb: Synced 5 W&B file(s), 0 media file(s), 0 artifact file(s) and 0 other file(s)
wandb: Find logs at: ./wandb/run-20260404_055448-t8go5zeb/logs
wandb: [wandb.login()] Loaded credentials for https://api.wandb.ai from WANDB_API_KEY.
wandb: Currently logged in as: wangzhi0467 (wth_ucsd) to https://api.wandb.ai. Use `wandb login --relogin` to force relogin
wandb: setting up run ji4n5b16
wandb: Tracking run with wandb version 0.25.0
wandb: Run data is saved locally in /data/scratch/murphy/projects/worktrees/cot-loop-binary-retrain-20260404/wandb/run-20260404_055512-ji4n5b16
wandb: Run `wandb offline` to turn off syncing.
wandb: Syncing run livecodebench-majority_s_0.5-ensemble-seed1
wandb: ‚≠źÔłŹ View project at https://wandb.ai/wth_ucsd/cot-loop-probe
wandb: ūüöÄ View run at https://wandb.ai/wth_ucsd/cot-loop-probe/runs/ji4n5b16
wandb: updating run metadata
wandb: uploading output.log; uploading wandb-summary.json; uploading config.yaml
wandb: 
wandb: Run history:
wandb:                   epoch ‚ĖĀ‚ĖĀ‚Ėā‚ĖÉ‚ĖÉ‚ĖÉ‚ĖĄ‚ĖÖ‚ĖÖ‚ĖÖ‚ĖÜ‚Ėá‚Ėá‚Ėá‚Ėą
wandb:           eval/accuracy ‚ĖĀ‚Ėą‚ĖĄ‚ĖĄ‚Ėá‚ĖĀ‚ĖÖ‚ĖÜ‚Ėá‚ĖÜ‚ĖÜ‚ĖÜ‚Ėá‚Ėá‚Ėá
wandb:           eval/macro_f1 ‚ĖĀ‚Ėą‚ĖÜ‚ĖÜ‚Ėá‚ĖÜ‚Ėá‚Ėá‚Ėą‚Ėą‚Ėá‚Ėą‚Ėą‚Ėą‚Ėą
wandb:        eval/positive_f1 ‚ĖĀ‚Ėą‚ĖÜ‚ĖÜ‚Ėá‚Ėá‚Ėą‚Ėá‚Ėą‚Ėą‚Ėą‚Ėą‚Ėą‚Ėą‚Ėą
wandb: eval/positive_precision ‚Ėą‚ĖĄ‚ĖĄ‚ĖÉ‚ĖÉ‚ĖĀ‚Ėā‚ĖÉ‚ĖÉ‚Ėā‚Ėā‚ĖÉ‚ĖÉ‚ĖÉ‚ĖÉ
wandb:    eval/positive_recall ‚ĖĀ‚ĖÜ‚ĖĄ‚ĖÖ‚ĖÜ‚Ėą‚Ėá‚ĖÜ‚ĖÜ‚Ėá‚Ėá‚Ėá‚Ėá‚Ėá‚Ėá
wandb:             eval/pr_auc ‚ĖÉ‚Ėą‚Ėá‚ĖĄ‚ĖĀ‚ĖÖ‚ĖĀ‚Ėā‚ĖÖ‚ĖĄ‚ĖÖ‚ĖÉ‚ĖĄ‚ĖÉ‚ĖÖ
wandb:         eval/prevalence ‚ĖĀ‚ĖĀ‚ĖĀ‚ĖĀ‚ĖĀ‚ĖĀ‚ĖĀ‚ĖĀ‚ĖĀ‚ĖĀ‚ĖĀ‚ĖĀ‚ĖĀ‚ĖĀ‚ĖĀ
wandb:            eval/roc_auc ‚ĖĀ‚Ėą‚Ėą‚ĖÖ‚ĖĄ‚ĖÖ‚ĖĀ‚ĖÉ‚ĖÜ‚ĖÜ‚Ėá‚Ėá‚Ėá‚Ėá‚Ėá
wandb:                    step ‚ĖĀ‚ĖĀ‚Ėā‚ĖÉ‚ĖÉ‚ĖÉ‚ĖĄ‚ĖÖ‚ĖÖ‚ĖÖ‚ĖÜ‚Ėá‚Ėá‚Ėá‚Ėą
wandb:                     +10 ...
wandb: 
wandb: Run summary:
wandb:                   epoch 15
wandb:           eval/accuracy 0.7875
wandb:           eval/macro_f1 0.77177
wandb:        eval/positive_f1 0.71186
wandb: eval/positive_precision 0.65625
wandb:    eval/positive_recall 0.77778
wandb:             eval/pr_auc 0.67883
wandb:         eval/prevalence 0.3375
wandb:            eval/roc_auc 0.8467
wandb:                    step 30
wandb:                     +10 ...
wandb: 
wandb: ūüöÄ View run livecodebench-majority_s_0.5-ensemble-seed1 at: https://wandb.ai/wth_ucsd/cot-loop-probe/runs/ji4n5b16
wandb: ‚≠źÔłŹ View project at: https://wandb.ai/wth_ucsd/cot-loop-probe
wandb: Synced 5 W&B file(s), 0 media file(s), 0 artifact file(s) and 0 other file(s)
wandb: Find logs at: ./wandb/run-20260404_055512-ji4n5b16/logs
wandb: [wandb.login()] Loaded credentials for https://api.wandb.ai from WANDB_API_KEY.
wandb: Currently logged in as: wangzhi0467 (wth_ucsd) to https://api.wandb.ai. Use `wandb login --relogin` to force relogin
wandb: setting up run 0rghspdn
wandb: Tracking run with wandb version 0.25.0
wandb: Run data is saved locally in /data/scratch/murphy/projects/worktrees/cot-loop-binary-retrain-20260404/wandb/run-20260404_055539-0rghspdn
wandb: Run `wandb offline` to turn off syncing.
wandb: Syncing run livecodebench-majority_s_0.5-ensemble-seed2
wandb: ‚≠źÔłŹ View project at https://wandb.ai/wth_ucsd/cot-loop-probe
wandb: ūüöÄ View run at https://wandb.ai/wth_ucsd/cot-loop-probe/runs/0rghspdn
wandb: updating run metadata
wandb: uploading output.log; uploading wandb-summary.json; uploading config.yaml
wandb: 
wandb: Run history:
wandb:                   epoch ‚ĖĀ‚ĖĀ‚Ėā‚ĖÉ‚ĖÉ‚ĖÉ‚ĖĄ‚ĖÖ‚ĖÖ‚ĖÖ‚ĖÜ‚Ėá‚Ėá‚Ėá‚Ėą
wandb:           eval/accuracy ‚ĖĄ‚ĖĀ‚ĖĀ‚ĖÜ‚ĖÉ‚ĖĀ‚ĖÜ‚Ėá‚ĖÜ‚Ėą‚Ėá‚Ėą‚Ėą‚ĖÜ‚Ėá
wandb:           eval/macro_f1 ‚ĖĄ‚ĖĀ‚ĖĀ‚Ėá‚Ėá‚ĖÜ‚Ėá‚Ėá‚Ėá‚Ėą‚Ėą‚Ėą‚Ėą‚Ėá‚Ėą
wandb:        eval/positive_f1 ‚ĖĄ‚ĖĀ‚ĖĀ‚Ėá‚Ėą‚Ėá‚Ėą‚Ėá‚Ėá‚Ėą‚Ėą‚Ėą‚Ėą‚Ėą‚Ėą
wandb: eval/positive_precision ‚Ėą‚ĖĀ‚ĖĀ‚ĖÜ‚ĖÖ‚ĖÖ‚ĖÜ‚ĖÜ‚ĖÜ‚Ėá‚ĖÜ‚Ėá‚ĖÜ‚ĖÜ‚ĖÜ
wandb:    eval/positive_recall ‚ĖÉ‚ĖĀ‚ĖĀ‚ĖÜ‚Ėą‚Ėą‚Ėá‚ĖÜ‚ĖÜ‚Ėá‚Ėá‚Ėá‚Ėá‚Ėá‚Ėá
wandb:             eval/pr_auc ‚ĖĄ‚ĖÖ‚Ėą‚Ėā‚ĖÖ‚ĖĀ‚ĖÉ‚ĖĄ‚Ėā‚Ėá‚ĖÜ‚Ėą‚Ėą‚ĖÜ‚ĖÖ
wandb:         eval/prevalence ‚ĖĀ‚ĖĀ‚ĖĀ‚ĖĀ‚ĖĀ‚ĖĀ‚ĖĀ‚ĖĀ‚ĖĀ‚ĖĀ‚ĖĀ‚ĖĀ‚ĖĀ‚ĖĀ‚ĖĀ
wandb:            eval/roc_auc ‚ĖĀ‚ĖĄ‚Ėá‚ĖÖ‚ĖÜ‚ĖÉ‚ĖĄ‚ĖĄ‚Ėā‚ĖÜ‚Ėá‚Ėą‚Ėą‚Ėą‚Ėá
wandb:                    step ‚ĖĀ‚ĖĀ‚Ėā‚ĖÉ‚ĖÉ‚ĖÉ‚ĖĄ‚ĖÖ‚ĖÖ‚ĖÖ‚ĖÜ‚Ėá‚Ėá‚Ėá‚Ėą
wandb:                     +10 ...
wandb: 
wandb: Run summary:
wandb:                   epoch 15
wandb:           eval/accuracy 0.775
wandb:           eval/macro_f1 0.76155
wandb:        eval/positive_f1 0.70492
wandb: eval/positive_precision 0.63235
wandb:    eval/positive_recall 0.7963
wandb:             eval/pr_auc 0.6825
wandb:         eval/prevalence 0.3375
wandb:            eval/roc_auc 0.85342
wandb:                    step 30
wandb:                     +10 ...
wandb: 
wandb: ūüöÄ View run livecodebench-majority_s_0.5-ensemble-seed2 at: https://wandb.ai/wth_ucsd/cot-loop-probe/runs/0rghspdn
wandb: ‚≠źÔłŹ View project at: https://wandb.ai/wth_ucsd/cot-loop-probe
wandb: Synced 5 W&B file(s), 0 media file(s), 0 artifact file(s) and 0 other file(s)
wandb: Find logs at: ./wandb/run-20260404_055539-0rghspdn/logs
wandb: [wandb.login()] Loaded credentials for https://api.wandb.ai from WANDB_API_KEY.
wandb: Currently logged in as: wangzhi0467 (wth_ucsd) to https://api.wandb.ai. Use `wandb login --relogin` to force relogin
wandb: setting up run 1xwwq3a7
wandb: Tracking run with wandb version 0.25.0
wandb: Run data is saved locally in /data/scratch/murphy/projects/worktrees/cot-loop-binary-retrain-20260404/wandb/run-20260404_055606-1xwwq3a7
wandb: Run `wandb offline` to turn off syncing.
wandb: Syncing run livecodebench-majority_s_0.5-last_layer-seed0
wandb: ‚≠źÔłŹ View project at https://wandb.ai/wth_ucsd/cot-loop-probe
wandb: ūüöÄ View run at https://wandb.ai/wth_ucsd/cot-loop-probe/runs/1xwwq3a7
wandb: updating run metadata
wandb: uploading history steps 0-14, summary, console lines 0-14
wandb: 
wandb: Run history:
wandb:                   epoch ‚ĖĀ‚ĖĀ‚Ėā‚ĖÉ‚ĖÉ‚ĖÉ‚ĖĄ‚ĖÖ‚ĖÖ‚ĖÖ‚ĖÜ‚Ėá‚Ėá‚Ėá‚Ėą
wandb:           eval/accuracy ‚ĖÜ‚ĖĀ‚Ėą‚ĖÖ‚ĖĄ‚Ėá‚Ėá‚Ėá‚Ėá‚Ėá‚Ėá‚Ėá‚Ėá‚Ėą‚ĖÜ
wandb:           eval/macro_f1 ‚ĖĄ‚ĖĀ‚Ėą‚ĖÖ‚ĖĄ‚Ėá‚Ėá‚ĖÜ‚Ėá‚Ėá‚Ėá‚ĖÜ‚Ėá‚Ėá‚ĖÜ
wandb:        eval/positive_f1 ‚ĖĀ‚ĖÖ‚Ėą‚ĖÜ‚ĖÜ‚Ėá‚Ėá‚Ėá‚Ėá‚ĖÜ‚Ėá‚ĖÜ‚Ėá‚Ėá‚ĖÜ
wandb: eval/positive_precision ‚Ėą‚ĖĀ‚Ėá‚ĖĄ‚ĖÉ‚Ėá‚ĖÜ‚ĖÜ‚ĖÜ‚Ėá‚Ėá‚ĖÜ‚Ėá‚Ėá‚ĖÜ
wandb:    eval/positive_recall ‚ĖĀ‚Ėą‚ĖÜ‚ĖÜ‚Ėá‚ĖÖ‚ĖÜ‚ĖÜ‚ĖÜ‚ĖÖ‚ĖÖ‚ĖÖ‚ĖÖ‚ĖÖ‚ĖÖ
wandb:             eval/pr_auc ‚ĖĀ‚ĖÖ‚ĖÖ‚ĖÖ‚ĖÜ‚Ėá‚Ėá‚Ėá‚Ėá‚Ėá‚Ėá‚Ėą‚Ėą‚Ėą‚Ėą
wandb:         eval/prevalence ‚ĖĀ‚ĖĀ‚ĖĀ‚ĖĀ‚ĖĀ‚ĖĀ‚ĖĀ‚ĖĀ‚ĖĀ‚ĖĀ‚ĖĀ‚ĖĀ‚ĖĀ‚ĖĀ‚ĖĀ
wandb:            eval/roc_auc ‚ĖĀ‚ĖÖ‚ĖÜ‚ĖÜ‚ĖÜ‚Ėá‚Ėá‚Ėá‚Ėá‚Ėą‚Ėą‚Ėą‚Ėą‚Ėą‚Ėą
wandb:                    step ‚ĖĀ‚ĖĀ‚Ėā‚ĖÉ‚ĖÉ‚ĖÉ‚ĖĄ‚ĖÖ‚ĖÖ‚ĖÖ‚ĖÜ‚Ėá‚Ėá‚Ėá‚Ėą
wandb:                     +10 ...
wandb: 
wandb: Run summary:
wandb:                   epoch 15
wandb:           eval/accuracy 0.7375
wandb:           eval/macro_f1 0.72656
wandb:        eval/positive_f1 0.67188
wandb: eval/positive_precision 0.58108
wandb:    eval/positive_recall 0.7963
wandb:             eval/pr_auc 0.75796
wandb:         eval/prevalence 0.3375
wandb:            eval/roc_auc 0.86618
wandb:                    step 30
wandb:                     +10 ...
wandb: 
wandb: ūüöÄ View run livecodebench-majority_s_0.5-last_layer-seed0 at: https://wandb.ai/wth_ucsd/cot-loop-probe/runs/1xwwq3a7
wandb: ‚≠źÔłŹ View project at: https://wandb.ai/wth_ucsd/cot-loop-probe
wandb: Synced 5 W&B file(s), 0 media file(s), 0 artifact file(s) and 0 other file(s)
wandb: Find logs at: ./wandb/run-20260404_055606-1xwwq3a7/logs
wandb: [wandb.login()] Loaded credentials for https://api.wandb.ai from WANDB_API_KEY.
wandb: Currently logged in as: wangzhi0467 (wth_ucsd) to https://api.wandb.ai. Use `wandb login --relogin` to force relogin
wandb: Tracking run with wandb version 0.25.0
wandb: Run data is saved locally in /data/scratch/murphy/projects/worktrees/cot-loop-binary-retrain-20260404/wandb/run-20260404_055624-9yewwyqb
wandb: Run `wandb offline` to turn off syncing.
wandb: Syncing run livecodebench-majority_s_0.5-last_layer-seed1
wandb: ‚≠źÔłŹ View project at https://wandb.ai/wth_ucsd/cot-loop-probe
wandb: ūüöÄ View run at https://wandb.ai/wth_ucsd/cot-loop-probe/runs/9yewwyqb
wandb: updating run metadata
wandb: uploading history steps 0-14, summary, console lines 0-14
wandb: 
wandb: Run history:
wandb:                   epoch ‚ĖĀ‚ĖĀ‚Ėā‚ĖÉ‚ĖÉ‚ĖÉ‚ĖĄ‚ĖÖ‚ĖÖ‚ĖÖ‚ĖÜ‚Ėá‚Ėá‚Ėá‚Ėą
wandb:           eval/accuracy ‚ĖÜ‚Ėá‚ĖĀ‚ĖÜ‚Ėą‚Ėá‚Ėá‚Ėą‚Ėą‚Ėá‚Ėá‚Ėá‚Ėá‚Ėá‚Ėá
wandb:           eval/macro_f1 ‚ĖÉ‚Ėá‚ĖĀ‚Ėá‚Ėá‚Ėą‚Ėą‚Ėą‚Ėą‚Ėą‚Ėą‚Ėá‚Ėą‚Ėá‚Ėą
wandb:        eval/positive_f1 ‚ĖĀ‚Ėą‚ĖÜ‚Ėá‚Ėá‚Ėą‚Ėą‚Ėą‚Ėą‚Ėą‚Ėą‚Ėą‚Ėą‚Ėą‚Ėą
wandb: eval/positive_precision ‚ĖĀ‚Ėá‚ĖĄ‚ĖÜ‚Ėą‚Ėá‚Ėá‚Ėą‚Ėą‚Ėá‚Ėá‚Ėá‚Ėá‚Ėá‚Ėá
wandb:    eval/positive_recall ‚ĖĀ‚Ėá‚Ėą‚Ėá‚ĖÜ‚Ėá‚Ėá‚ĖÜ‚ĖÜ‚Ėá‚Ėá‚Ėá‚Ėá‚ĖÜ‚Ėá
wandb:             eval/pr_auc ‚Ėā‚ĖĀ‚ĖĀ‚ĖÉ‚ĖĄ‚ĖÖ‚ĖÖ‚ĖÜ‚Ėá‚Ėá‚Ėá‚Ėá‚Ėą‚Ėą‚Ėą
wandb:         eval/prevalence ‚ĖĀ‚ĖĀ‚ĖĀ‚ĖĀ‚ĖĀ‚ĖĀ‚ĖĀ‚ĖĀ‚ĖĀ‚ĖĀ‚ĖĀ‚ĖĀ‚ĖĀ‚ĖĀ‚ĖĀ
wandb:            eval/roc_auc ‚ĖĀ‚ĖÉ‚ĖÉ‚ĖĄ‚ĖÖ‚ĖÖ‚ĖÜ‚Ėá‚Ėá‚Ėá‚Ėá‚Ėą‚Ėą‚Ėą‚Ėą
wandb:                    step ‚ĖĀ‚ĖĀ‚Ėā‚ĖÉ‚ĖÉ‚ĖÉ‚ĖĄ‚ĖÖ‚ĖÖ‚ĖÖ‚ĖÜ‚Ėá‚Ėá‚Ėá‚Ėą
wandb:                     +10 ...
wandb: 
wandb: Run summary:
wandb:                   epoch 15
wandb:           eval/accuracy 0.7625
wandb:           eval/macro_f1 0.74984
wandb:        eval/positive_f1 0.69355
wandb: eval/positive_precision 0.61429
wandb:    eval/positive_recall 0.7963
wandb:             eval/pr_auc 0.76159
wandb:         eval/prevalence 0.3375
wandb:            eval/roc_auc 0.8681
wandb:                    step 30
wandb:                     +10 ...
wandb: 
wandb: ūüöÄ View run livecodebench-majority_s_0.5-last_layer-seed1 at: https://wandb.ai/wth_ucsd/cot-loop-probe/runs/9yewwyqb
wandb: ‚≠źÔłŹ View project at: https://wandb.ai/wth_ucsd/cot-loop-probe
wandb: Synced 5 W&B file(s), 0 media file(s), 0 artifact file(s) and 0 other file(s)
wandb: Find logs at: ./wandb/run-20260404_055624-9yewwyqb/logs
wandb: [wandb.login()] Loaded credentials for https://api.wandb.ai from WANDB_API_KEY.
wandb: Currently logged in as: wangzhi0467 (wth_ucsd) to https://api.wandb.ai. Use `wandb login --relogin` to force relogin
wandb: setting up run hdswfbzu
wandb: Tracking run with wandb version 0.25.0
wandb: Run data is saved locally in /data/scratch/murphy/projects/worktrees/cot-loop-binary-retrain-20260404/wandb/run-20260404_055641-hdswfbzu
wandb: Run `wandb offline` to turn off syncing.
wandb: Syncing run livecodebench-majority_s_0.5-last_layer-seed2
wandb: ‚≠źÔłŹ View project at https://wandb.ai/wth_ucsd/cot-loop-probe
wandb: ūüöÄ View run at https://wandb.ai/wth_ucsd/cot-loop-probe/runs/hdswfbzu
wandb: updating run metadata
wandb: uploading history steps 0-14, summary, console lines 0-14
wandb: 
wandb: Run history:
wandb:                   epoch ‚ĖĀ‚ĖĀ‚Ėā‚ĖÉ‚ĖÉ‚ĖÉ‚ĖĄ‚ĖÖ‚ĖÖ‚ĖÖ‚ĖÜ‚Ėá‚Ėá‚Ėá‚Ėą
wandb:           eval/accuracy ‚ĖĀ‚Ėá‚Ėą‚Ėá‚Ėą‚Ėą‚Ėá‚Ėą‚Ėá‚Ėą‚Ėą‚Ėá‚Ėá‚Ėá‚Ėá
wandb:           eval/macro_f1 ‚ĖĀ‚Ėá‚Ėą‚Ėá‚Ėą‚Ėą‚Ėá‚Ėą‚Ėá‚Ėą‚Ėą‚Ėá‚Ėá‚Ėá‚Ėą
wandb:        eval/positive_f1 ‚ĖĀ‚ĖÜ‚Ėá‚Ėá‚Ėá‚Ėá‚ĖÜ‚Ėá‚ĖÜ‚Ėą‚Ėą‚ĖÜ‚ĖÜ‚ĖÜ‚ĖÜ
wandb: eval/positive_precision ‚ĖĀ‚ĖÖ‚Ėá‚ĖÜ‚Ėą‚Ėą‚ĖÜ‚Ėá‚ĖÜ‚Ėá‚Ėá‚ĖÜ‚ĖÜ‚ĖÜ‚Ėá
wandb:    eval/positive_recall ‚Ėą‚ĖÜ‚Ėā‚Ėá‚ĖĀ‚Ėā‚ĖÉ‚Ėā‚Ėā‚ĖÜ‚ĖÜ‚Ėā‚Ėā‚Ėā‚Ėā
wandb:             eval/pr_auc ‚ĖĀ‚ĖÜ‚Ėá‚Ėá‚Ėą‚Ėą‚Ėą‚Ėą‚Ėą‚Ėą‚Ėą‚Ėą‚Ėą‚Ėą‚Ėą
wandb:         eval/prevalence ‚ĖĀ‚ĖĀ‚ĖĀ‚ĖĀ‚ĖĀ‚ĖĀ‚ĖĀ‚ĖĀ‚ĖĀ‚ĖĀ‚ĖĀ‚ĖĀ‚ĖĀ‚ĖĀ‚ĖĀ
wandb:            eval/roc_auc ‚ĖĀ‚Ėá‚Ėá‚Ėá‚Ėą‚Ėą‚Ėą‚Ėą‚Ėą‚Ėą‚Ėą‚Ėą‚Ėą‚Ėą‚Ėą
wandb:                    step ‚ĖĀ‚ĖĀ‚Ėā‚ĖÉ‚ĖÉ‚ĖÉ‚ĖĄ‚ĖÖ‚ĖÖ‚ĖÖ‚ĖÜ‚Ėá‚Ėá‚Ėá‚Ėą
wandb:                     +10 ...
wandb: 
wandb: Run summary:
wandb:                   epoch 15
wandb:           eval/accuracy 0.75625
wandb:           eval/macro_f1 0.74248
wandb:        eval/positive_f1 0.68293
wandb: eval/positive_precision 0.6087
wandb:    eval/positive_recall 0.77778
wandb:             eval/pr_auc 0.7529
wandb:         eval/prevalence 0.3375
wandb:            eval/roc_auc 0.86513
wandb:                    step 30
wandb:                     +10 ...
wandb: 
wandb: ūüöÄ View run livecodebench-majority_s_0.5-last_layer-seed2 at: https://wandb.ai/wth_ucsd/cot-loop-probe/runs/hdswfbzu
wandb: ‚≠źÔłŹ View project at: https://wandb.ai/wth_ucsd/cot-loop-probe
wandb: Synced 5 W&B file(s), 0 media file(s), 0 artifact file(s) and 0 other file(s)
wandb: Find logs at: ./wandb/run-20260404_055641-hdswfbzu/logs
