wandb: [wandb.login()] Loaded credentials for https://api.wandb.ai from WANDB_API_KEY.
wandb: Currently logged in as: wangzhi0467 (wth_ucsd) to https://api.wandb.ai. Use `wandb login --relogin` to force relogin
wandb: Tracking run with wandb version 0.25.0
wandb: Run data is saved locally in /data/scratch/murphy/projects/worktrees/cot-loop-binary-retrain-20260404-full/wandb/run-20260404_055723-5du0uk7o
wandb: Run `wandb offline` to turn off syncing.
wandb: Syncing run gpqa-majority_s_0.5-ensemble-seed0
wandb: ‚≠źÔłŹ View project at https://wandb.ai/wth_ucsd/cot-loop-probe
wandb: ūüöÄ View run at https://wandb.ai/wth_ucsd/cot-loop-probe/runs/5du0uk7o
wandb: updating run metadata
wandb: uploading config.yaml; uploading output.log; uploading wandb-summary.json
wandb: 
wandb: Run history:
wandb:                   epoch ‚ĖĀ‚ĖĀ‚Ėā‚ĖÉ‚ĖÉ‚ĖÉ‚ĖĄ‚ĖÖ‚ĖÖ‚ĖÖ‚ĖÜ‚Ėá‚Ėá‚Ėá‚Ėą
wandb:           eval/accuracy ‚Ėą‚Ėá‚ĖĄ‚ĖÉ‚ĖÉ‚ĖÖ‚ĖÖ‚ĖĄ‚ĖĄ‚ĖÉ‚ĖÉ‚ĖÉ‚Ėā‚ĖĀ‚Ėā
wandb:           eval/macro_f1 ‚ĖĀ‚ĖĀ‚Ėą‚ĖÖ‚ĖÖ‚ĖÜ‚ĖÖ‚ĖĄ‚Ėą‚ĖÖ‚ĖÖ‚ĖÖ‚ĖĄ‚Ėā‚ĖĄ
wandb:        eval/positive_f1 ‚ĖĀ‚ĖĀ‚Ėą‚Ėá‚Ėá‚ĖÜ‚ĖÜ‚ĖÖ‚Ėą‚Ėá‚Ėá‚Ėá‚Ėá‚ĖÜ‚Ėá
wandb: eval/positive_precision ‚ĖĀ‚ĖĀ‚Ėą‚Ėá‚Ėá‚Ėá‚ĖÜ‚ĖÖ‚Ėą‚Ėá‚Ėá‚Ėá‚Ėá‚ĖÜ‚Ėá
wandb:    eval/positive_recall ‚ĖĀ‚ĖĀ‚Ėą‚Ėą‚Ėą‚ĖÖ‚ĖÖ‚ĖÖ‚Ėą‚Ėą‚Ėą‚Ėą‚Ėą‚Ėą‚Ėą
wandb:             eval/pr_auc ‚ĖĀ‚ĖÖ‚Ėą‚Ėą‚Ėā‚ĖĀ‚Ėā‚Ėą‚ĖĄ‚ĖÉ‚ĖÉ‚Ėā‚ĖÉ‚Ėā‚Ėā
wandb:         eval/prevalence ‚ĖĀ‚ĖĀ‚ĖĀ‚ĖĀ‚ĖĀ‚ĖĀ‚ĖĀ‚ĖĀ‚ĖĀ‚ĖĀ‚ĖĀ‚ĖĀ‚ĖĀ‚ĖĀ‚ĖĀ
wandb:            eval/roc_auc ‚ĖĀ‚Ėą‚ĖÜ‚Ėą‚ĖÉ‚ĖĀ‚ĖĄ‚ĖÖ‚ĖÜ‚Ėá‚ĖÖ‚ĖĄ‚ĖÉ‚ĖĄ‚ĖÖ
wandb:                    step ‚ĖĀ‚ĖĀ‚Ėā‚ĖÉ‚ĖÉ‚ĖÉ‚ĖĄ‚ĖÖ‚ĖÖ‚ĖÖ‚ĖÜ‚Ėá‚Ėá‚Ėá‚Ėą
wandb:                     +10 ...
wandb: 
wandb: Run summary:
wandb:                   epoch 15
wandb:           eval/accuracy 0.7
wandb:           eval/macro_f1 0.53125
wandb:        eval/positive_f1 0.25
wandb: eval/positive_precision 0.14286
wandb:    eval/positive_recall 1
wandb:             eval/pr_auc 0.21111
wandb:         eval/prevalence 0.05
wandb:            eval/roc_auc 0.875
wandb:                    step 15
wandb:                     +10 ...
wandb: 
wandb: ūüöÄ View run gpqa-majority_s_0.5-ensemble-seed0 at: https://wandb.ai/wth_ucsd/cot-loop-probe/runs/5du0uk7o
wandb: ‚≠źÔłŹ View project at: https://wandb.ai/wth_ucsd/cot-loop-probe
wandb: Synced 5 W&B file(s), 0 media file(s), 0 artifact file(s) and 0 other file(s)
wandb: Find logs at: ./wandb/run-20260404_055723-5du0uk7o/logs
wandb: [wandb.login()] Loaded credentials for https://api.wandb.ai from WANDB_API_KEY.
wandb: Currently logged in as: wangzhi0467 (wth_ucsd) to https://api.wandb.ai. Use `wandb login --relogin` to force relogin
wandb: setting up run q6sg8lc0
wandb: Tracking run with wandb version 0.25.0
wandb: Run data is saved locally in /data/scratch/murphy/projects/worktrees/cot-loop-binary-retrain-20260404-full/wandb/run-20260404_055747-q6sg8lc0
wandb: Run `wandb offline` to turn off syncing.
wandb: Syncing run gpqa-majority_s_0.5-ensemble-seed1
wandb: ‚≠źÔłŹ View project at https://wandb.ai/wth_ucsd/cot-loop-probe
wandb: ūüöÄ View run at https://wandb.ai/wth_ucsd/cot-loop-probe/runs/q6sg8lc0
wandb: updating run metadata
wandb: uploading wandb-summary.json; uploading config.yaml; uploading output.log
wandb: 
wandb: Run history:
wandb:                   epoch ‚ĖĀ‚ĖĀ‚Ėā‚ĖÉ‚ĖÉ‚ĖÉ‚ĖĄ‚ĖÖ‚ĖÖ‚ĖÖ‚ĖÜ‚Ėá‚Ėá‚Ėá‚Ėą
wandb:           eval/accuracy ‚Ėą‚ĖÉ‚ĖĀ‚ĖÜ‚Ėá‚Ėá‚Ėá‚ĖÜ‚ĖÖ‚ĖÖ‚ĖÜ‚ĖÜ‚ĖÜ‚Ėá‚Ėá
wandb:           eval/macro_f1 ‚ĖÜ‚ĖÉ‚ĖĀ‚Ėá‚Ėą‚Ėą‚Ėą‚Ėá‚ĖÖ‚ĖÖ‚ĖÜ‚Ėá‚Ėá‚Ėą‚Ėą
wandb:        eval/positive_f1 ‚ĖĀ‚ĖÉ‚Ėā‚Ėá‚Ėą‚Ėą‚Ėą‚Ėá‚ĖÖ‚ĖÖ‚ĖÜ‚Ėá‚Ėá‚Ėą‚Ėą
wandb: eval/positive_precision ‚Ėā‚Ėā‚ĖĀ‚Ėá‚Ėą‚Ėą‚Ėą‚Ėá‚ĖÖ‚ĖÖ‚ĖÜ‚Ėá‚Ėá‚Ėą‚Ėą
wandb:    eval/positive_recall ‚ĖĀ‚Ėą‚Ėą‚Ėą‚Ėą‚Ėą‚Ėą‚Ėą‚Ėą‚Ėą‚Ėą‚Ėą‚Ėą‚Ėą‚Ėą
wandb:             eval/pr_auc ‚ĖĀ‚Ėā‚Ėā‚ĖÉ‚Ėą‚ĖÉ‚ĖÖ‚ĖĄ‚ĖĄ‚ĖĄ‚ĖĄ‚ĖÉ‚ĖÉ‚ĖÉ‚ĖÉ
wandb:         eval/prevalence ‚ĖĀ‚ĖĀ‚ĖĀ‚ĖĀ‚ĖĀ‚ĖĀ‚ĖĀ‚ĖĀ‚ĖĀ‚ĖĀ‚ĖĀ‚ĖĀ‚ĖĀ‚ĖĀ‚ĖĀ
wandb:            eval/roc_auc ‚ĖĀ‚ĖÉ‚ĖÖ‚ĖÜ‚Ėá‚ĖÜ‚Ėą‚ĖÜ‚ĖÜ‚ĖÜ‚ĖÜ‚Ėá‚ĖÜ‚ĖÜ‚ĖÜ
wandb:                    step ‚ĖĀ‚ĖĀ‚Ėā‚ĖÉ‚ĖÉ‚ĖÉ‚ĖĄ‚ĖÖ‚ĖÖ‚ĖÖ‚ĖÜ‚Ėá‚Ėá‚Ėá‚Ėą
wandb:                     +10 ...
wandb: 
wandb: Run summary:
wandb:                   epoch 15
wandb:           eval/accuracy 0.725
wandb:           eval/macro_f1 0.54872
wandb:        eval/positive_f1 0.26667
wandb: eval/positive_precision 0.15385
wandb:    eval/positive_recall 1
wandb:             eval/pr_auc 0.29167
wandb:         eval/prevalence 0.05
wandb:            eval/roc_auc 0.90132
wandb:                    step 15
wandb:                     +10 ...
wandb: 
wandb: ūüöÄ View run gpqa-majority_s_0.5-ensemble-seed1 at: https://wandb.ai/wth_ucsd/cot-loop-probe/runs/q6sg8lc0
wandb: ‚≠źÔłŹ View project at: https://wandb.ai/wth_ucsd/cot-loop-probe
wandb: Synced 5 W&B file(s), 0 media file(s), 0 artifact file(s) and 0 other file(s)
wandb: Find logs at: ./wandb/run-20260404_055747-q6sg8lc0/logs
wandb: [wandb.login()] Loaded credentials for https://api.wandb.ai from WANDB_API_KEY.
wandb: Currently logged in as: wangzhi0467 (wth_ucsd) to https://api.wandb.ai. Use `wandb login --relogin` to force relogin
wandb: setting up run mt1w4qxf
wandb: Tracking run with wandb version 0.25.0
wandb: Run data is saved locally in /data/scratch/murphy/projects/worktrees/cot-loop-binary-retrain-20260404-full/wandb/run-20260404_055815-mt1w4qxf
wandb: Run `wandb offline` to turn off syncing.
wandb: Syncing run gpqa-majority_s_0.5-ensemble-seed2
wandb: ‚≠źÔłŹ View project at https://wandb.ai/wth_ucsd/cot-loop-probe
wandb: ūüöÄ View run at https://wandb.ai/wth_ucsd/cot-loop-probe/runs/mt1w4qxf
wandb: updating run metadata
wandb: uploading history steps 14-14, summary, console lines 14-14
wandb: 
wandb: Run history:
wandb:                   epoch ‚ĖĀ‚ĖĀ‚Ėā‚ĖÉ‚ĖÉ‚ĖÉ‚ĖĄ‚ĖÖ‚ĖÖ‚ĖÖ‚ĖÜ‚Ėá‚Ėá‚Ėá‚Ėą
wandb:           eval/accuracy ‚Ėą‚ĖĀ‚ĖÉ‚Ėą‚Ėá‚Ėá‚Ėą‚Ėá‚Ėá‚Ėá‚Ėá‚Ėá‚Ėá‚ĖÜ‚ĖÜ
wandb:           eval/macro_f1 ‚Ėá‚ĖĀ‚ĖÉ‚Ėą‚Ėá‚Ėá‚Ėą‚Ėá‚Ėá‚Ėá‚Ėá‚Ėá‚Ėá‚ĖÜ‚ĖÜ
wandb:        eval/positive_f1 ‚ĖÉ‚ĖĀ‚ĖÉ‚Ėą‚Ėá‚ĖÜ‚Ėą‚ĖÜ‚ĖÜ‚ĖÜ‚ĖÜ‚Ėá‚ĖÜ‚ĖÜ‚ĖÜ
wandb: eval/positive_precision ‚ĖĄ‚ĖĀ‚Ėā‚Ėą‚Ėá‚ĖÜ‚Ėą‚ĖÜ‚ĖÜ‚ĖÜ‚ĖÜ‚Ėá‚ĖÜ‚ĖÖ‚ĖÖ
wandb:    eval/positive_recall ‚ĖĀ‚Ėą‚Ėą‚Ėą‚Ėą‚Ėą‚Ėą‚Ėą‚Ėą‚Ėą‚Ėą‚Ėą‚Ėą‚Ėą‚Ėą
wandb:             eval/pr_auc ‚ĖĀ‚ĖĄ‚Ėá‚ĖĄ‚Ėá‚ĖÜ‚ĖÉ‚ĖĄ‚Ėā‚ĖÉ‚ĖÖ‚ĖĄ‚Ėą‚ĖÖ‚ĖÖ
wandb:         eval/prevalence ‚ĖĀ‚ĖĀ‚ĖĀ‚ĖĀ‚ĖĀ‚ĖĀ‚ĖĀ‚ĖĀ‚ĖĀ‚ĖĀ‚ĖĀ‚ĖĀ‚ĖĀ‚ĖĀ‚ĖĀ
wandb:            eval/roc_auc ‚ĖĀ‚ĖÜ‚Ėą‚ĖÜ‚Ėą‚Ėá‚ĖÜ‚ĖÜ‚ĖÖ‚ĖÜ‚ĖÜ‚ĖÖ‚ĖÜ‚Ėá‚ĖÜ
wandb:                    step ‚ĖĀ‚ĖĀ‚Ėā‚ĖÉ‚ĖÉ‚ĖÉ‚ĖĄ‚ĖÖ‚ĖÖ‚ĖÖ‚ĖÜ‚Ėá‚Ėá‚Ėá‚Ėą
wandb:                     +10 ...
wandb: 
wandb: Run summary:
wandb:                   epoch 15
wandb:           eval/accuracy 0.675
wandb:           eval/macro_f1 0.51447
wandb:        eval/positive_f1 0.23529
wandb: eval/positive_precision 0.13333
wandb:    eval/positive_recall 1
wandb:             eval/pr_auc 0.35
wandb:         eval/prevalence 0.05
wandb:            eval/roc_auc 0.90132
wandb:                    step 15
wandb:                     +10 ...
wandb: 
wandb: ūüöÄ View run gpqa-majority_s_0.5-ensemble-seed2 at: https://wandb.ai/wth_ucsd/cot-loop-probe/runs/mt1w4qxf
wandb: ‚≠źÔłŹ View project at: https://wandb.ai/wth_ucsd/cot-loop-probe
wandb: Synced 5 W&B file(s), 0 media file(s), 0 artifact file(s) and 0 other file(s)
wandb: Find logs at: ./wandb/run-20260404_055815-mt1w4qxf/logs
wandb: [wandb.login()] Loaded credentials for https://api.wandb.ai from WANDB_API_KEY.
wandb: Currently logged in as: wangzhi0467 (wth_ucsd) to https://api.wandb.ai. Use `wandb login --relogin` to force relogin
wandb: setting up run ndywhisj
wandb: Tracking run with wandb version 0.25.0
wandb: Run data is saved locally in /data/scratch/murphy/projects/worktrees/cot-loop-binary-retrain-20260404-full/wandb/run-20260404_055838-ndywhisj
wandb: Run `wandb offline` to turn off syncing.
wandb: Syncing run gpqa-majority_s_0.5-last_layer-seed0
wandb: ‚≠źÔłŹ View project at https://wandb.ai/wth_ucsd/cot-loop-probe
wandb: ūüöÄ View run at https://wandb.ai/wth_ucsd/cot-loop-probe/runs/ndywhisj
wandb: updating run metadata
wandb: uploading output.log
wandb: 
wandb: Run history:
wandb:                   epoch ‚ĖĀ‚ĖĀ‚Ėā‚ĖÉ‚ĖÉ‚ĖÉ‚ĖĄ‚ĖÖ‚ĖÖ‚ĖÖ‚ĖÜ‚Ėá‚Ėá‚Ėá‚Ėą
wandb:           eval/accuracy ‚ĖĀ‚Ėą‚Ėą‚Ėą‚ĖÜ‚Ėā‚Ėā‚ĖĄ‚ĖÜ‚ĖÜ‚Ėá‚Ėá‚Ėá‚Ėá‚Ėá
wandb:           eval/macro_f1 ‚ĖĀ‚ĖÜ‚ĖÜ‚ĖÜ‚Ėá‚ĖÉ‚ĖÉ‚ĖÖ‚Ėá‚Ėá‚Ėą‚Ėą‚ĖÜ‚ĖÜ‚ĖÜ
wandb:        eval/positive_f1 ‚ĖÉ‚ĖĀ‚ĖĀ‚ĖĀ‚ĖÜ‚ĖÉ‚ĖÉ‚ĖĄ‚ĖÜ‚Ėá‚Ėá‚Ėą‚ĖĀ‚ĖĀ‚ĖĀ
wandb: eval/positive_precision ‚ĖÉ‚ĖĀ‚ĖĀ‚ĖĀ‚ĖÜ‚ĖÉ‚ĖÉ‚ĖĄ‚ĖÖ‚Ėá‚Ėá‚Ėą‚ĖĀ‚ĖĀ‚ĖĀ
wandb:    eval/positive_recall ‚Ėą‚ĖĀ‚ĖĀ‚ĖĀ‚Ėą‚Ėą‚Ėą‚Ėą‚Ėą‚Ėą‚Ėą‚Ėą‚ĖĀ‚ĖĀ‚ĖĀ
wandb:             eval/pr_auc ‚ĖĀ‚ĖĀ‚ĖÉ‚ĖĄ‚ĖÖ‚Ėą‚ĖÖ‚ĖÖ‚ĖĄ‚ĖÉ‚ĖĄ‚ĖĄ‚ĖĄ‚ĖĄ‚ĖĄ
wandb:         eval/prevalence ‚ĖĀ‚ĖĀ‚ĖĀ‚ĖĀ‚ĖĀ‚ĖĀ‚ĖĀ‚ĖĀ‚ĖĀ‚ĖĀ‚ĖĀ‚ĖĀ‚ĖĀ‚ĖĀ‚ĖĀ
wandb:            eval/roc_auc ‚ĖĀ‚Ėā‚ĖÖ‚Ėá‚Ėá‚Ėą‚Ėá‚Ėá‚Ėá‚ĖÜ‚Ėá‚Ėá‚Ėá‚Ėá‚Ėá
wandb:                    step ‚ĖĀ‚ĖĀ‚Ėā‚ĖÉ‚ĖÉ‚ĖÉ‚ĖĄ‚ĖÖ‚ĖÖ‚ĖÖ‚ĖÜ‚Ėá‚Ėá‚Ėá‚Ėą
wandb:                     +10 ...
wandb: 
wandb: Run summary:
wandb:                   epoch 15
wandb:           eval/accuracy 0.85
wandb:           eval/macro_f1 0.45946
wandb:        eval/positive_f1 0
wandb: eval/positive_precision 0
wandb:    eval/positive_recall 0
wandb:             eval/pr_auc 0.24286
wandb:         eval/prevalence 0.05
wandb:            eval/roc_auc 0.88158
wandb:                    step 15
wandb:                     +10 ...
wandb: 
wandb: ūüöÄ View run gpqa-majority_s_0.5-last_layer-seed0 at: https://wandb.ai/wth_ucsd/cot-loop-probe/runs/ndywhisj
wandb: ‚≠źÔłŹ View project at: https://wandb.ai/wth_ucsd/cot-loop-probe
wandb: Synced 5 W&B file(s), 0 media file(s), 0 artifact file(s) and 0 other file(s)
wandb: Find logs at: ./wandb/run-20260404_055838-ndywhisj/logs
wandb: [wandb.login()] Loaded credentials for https://api.wandb.ai from WANDB_API_KEY.
wandb: Currently logged in as: wangzhi0467 (wth_ucsd) to https://api.wandb.ai. Use `wandb login --relogin` to force relogin
wandb: setting up run sk76qo4j
wandb: Tracking run with wandb version 0.25.0
wandb: Run data is saved locally in /data/scratch/murphy/projects/worktrees/cot-loop-binary-retrain-20260404-full/wandb/run-20260404_055852-sk76qo4j
wandb: Run `wandb offline` to turn off syncing.
wandb: Syncing run gpqa-majority_s_0.5-last_layer-seed1
wandb: ‚≠źÔłŹ View project at https://wandb.ai/wth_ucsd/cot-loop-probe
wandb: ūüöÄ View run at https://wandb.ai/wth_ucsd/cot-loop-probe/runs/sk76qo4j
wandb: updating run metadata
wandb: uploading wandb-summary.json; uploading config.yaml
wandb: uploading history steps 0-14, summary, console lines 1-14
wandb: 
wandb: Run history:
wandb:                   epoch ‚ĖĀ‚ĖĀ‚Ėā‚ĖÉ‚ĖÉ‚ĖÉ‚ĖĄ‚ĖÖ‚ĖÖ‚ĖÖ‚ĖÜ‚Ėá‚Ėá‚Ėá‚Ėą
wandb:           eval/accuracy ‚ĖĀ‚Ėá‚Ėą‚Ėą‚Ėą‚ĖÜ‚ĖÖ‚ĖÖ‚ĖÖ‚ĖÖ‚ĖÖ‚ĖÖ‚ĖÜ‚ĖÜ‚Ėá
wandb:           eval/macro_f1 ‚ĖĀ‚ĖÜ‚ĖÜ‚ĖÜ‚Ėą‚ĖÜ‚ĖÜ‚ĖÖ‚ĖÖ‚ĖÖ‚ĖÖ‚ĖÜ‚ĖÜ‚ĖÜ‚Ėá
wandb:        eval/positive_f1 ‚ĖÉ‚ĖĀ‚ĖĀ‚ĖĀ‚Ėą‚ĖÖ‚ĖÖ‚ĖĄ‚ĖĄ‚ĖĄ‚ĖĄ‚ĖÖ‚ĖÖ‚ĖÖ‚Ėá
wandb: eval/positive_precision ‚Ėā‚ĖĀ‚ĖĀ‚ĖĀ‚Ėą‚ĖĄ‚ĖÉ‚ĖÉ‚ĖÉ‚ĖÉ‚ĖÉ‚ĖÉ‚ĖĄ‚ĖĄ‚ĖÖ
wandb:    eval/positive_recall ‚Ėą‚ĖĀ‚ĖĀ‚ĖĀ‚ĖÖ‚Ėą‚Ėą‚Ėą‚Ėą‚Ėą‚Ėą‚Ėą‚Ėą‚Ėą‚Ėą
wandb:             eval/pr_auc ‚ĖĀ‚Ėā‚ĖÖ‚Ėá‚Ėą‚ĖÜ‚Ėá‚Ėą‚Ėá‚Ėá‚Ėá‚Ėá‚Ėá‚Ėá‚Ėá
wandb:         eval/prevalence ‚ĖĀ‚ĖĀ‚ĖĀ‚ĖĀ‚ĖĀ‚ĖĀ‚ĖĀ‚ĖĀ‚ĖĀ‚ĖĀ‚ĖĀ‚ĖĀ‚ĖĀ‚ĖĀ‚ĖĀ
wandb:            eval/roc_auc ‚ĖĀ‚Ėā‚ĖÖ‚ĖÜ‚Ėá‚Ėá‚Ėą‚Ėą‚Ėą‚Ėą‚Ėą‚Ėą‚Ėą‚Ėą‚Ėą
wandb:                    step ‚ĖĀ‚ĖĀ‚Ėā‚ĖÉ‚ĖÉ‚ĖÉ‚ĖĄ‚ĖÖ‚ĖÖ‚ĖÖ‚ĖÜ‚Ėá‚Ėá‚Ėá‚Ėą
wandb:                     +10 ...
wandb: 
wandb: Run summary:
wandb:                   epoch 15
wandb:           eval/accuracy 0.8
wandb:           eval/macro_f1 0.60784
wandb:        eval/positive_f1 0.33333
wandb: eval/positive_precision 0.2
wandb:    eval/positive_recall 1
wandb:             eval/pr_auc 0.325
wandb:         eval/prevalence 0.05
wandb:            eval/roc_auc 0.92105
wandb:                    step 15
wandb:                     +10 ...
wandb: 
wandb: ūüöÄ View run gpqa-majority_s_0.5-last_layer-seed1 at: https://wandb.ai/wth_ucsd/cot-loop-probe/runs/sk76qo4j
wandb: ‚≠źÔłŹ View project at: https://wandb.ai/wth_ucsd/cot-loop-probe
wandb: Synced 5 W&B file(s), 0 media file(s), 0 artifact file(s) and 0 other file(s)
wandb: Find logs at: ./wandb/run-20260404_055852-sk76qo4j/logs
wandb: [wandb.login()] Loaded credentials for https://api.wandb.ai from WANDB_API_KEY.
wandb: Currently logged in as: wangzhi0467 (wth_ucsd) to https://api.wandb.ai. Use `wandb login --relogin` to force relogin
wandb: setting up run yw1ubnnc
wandb: Tracking run with wandb version 0.25.0
wandb: Run data is saved locally in /data/scratch/murphy/projects/worktrees/cot-loop-binary-retrain-20260404-full/wandb/run-20260404_055906-yw1ubnnc
wandb: Run `wandb offline` to turn off syncing.
wandb: Syncing run gpqa-majority_s_0.5-last_layer-seed2
wandb: ‚≠źÔłŹ View project at https://wandb.ai/wth_ucsd/cot-loop-probe
wandb: ūüöÄ View run at https://wandb.ai/wth_ucsd/cot-loop-probe/runs/yw1ubnnc
wandb: updating run metadata
wandb: uploading output.log; uploading wandb-summary.json; uploading config.yaml
wandb: 
wandb: Run history:
wandb:                   epoch ‚ĖĀ‚ĖĀ‚Ėā‚ĖÉ‚ĖÉ‚ĖÉ‚ĖĄ‚ĖÖ‚ĖÖ‚ĖÖ‚ĖÜ‚Ėá‚Ėá‚Ėá‚Ėą
wandb:           eval/accuracy ‚ĖÖ‚Ėá‚ĖĀ‚ĖĀ‚ĖĀ‚Ėā‚ĖÖ‚Ėá‚Ėą‚Ėą‚Ėą‚Ėą‚Ėą‚Ėá‚Ėá
wandb:           eval/macro_f1 ‚ĖÖ‚ĖÜ‚Ėā‚ĖĀ‚ĖĀ‚ĖÉ‚ĖÜ‚Ėá‚Ėá‚Ėá‚Ėą‚Ėą‚Ėá‚Ėą‚Ėá
wandb:        eval/positive_f1 ‚ĖÉ‚ĖĀ‚ĖĄ‚ĖÉ‚ĖÉ‚ĖĄ‚ĖÖ‚ĖÖ‚ĖÖ‚ĖÖ‚ĖÜ‚ĖÜ‚ĖÖ‚Ėą‚Ėá
wandb: eval/positive_precision ‚ĖÉ‚ĖĀ‚ĖÉ‚ĖÉ‚ĖÉ‚ĖĄ‚ĖÖ‚ĖÖ‚ĖÜ‚ĖÜ‚Ėá‚Ėá‚ĖÜ‚Ėą‚Ėá
wandb:    eval/positive_recall ‚ĖÖ‚ĖĀ‚Ėą‚Ėą‚Ėą‚Ėą‚Ėą‚ĖÖ‚ĖÖ‚ĖÖ‚ĖÖ‚ĖÖ‚ĖÖ‚Ėą‚Ėą
wandb:             eval/pr_auc ‚ĖĀ‚Ėā‚ĖĄ‚ĖÖ‚Ėá‚Ėą‚Ėá‚ĖÜ‚ĖÜ‚ĖÜ‚ĖÜ‚ĖÜ‚Ėá‚Ėá‚Ėá
wandb:         eval/prevalence ‚ĖĀ‚ĖĀ‚ĖĀ‚ĖĀ‚ĖĀ‚ĖĀ‚ĖĀ‚ĖĀ‚ĖĀ‚ĖĀ‚ĖĀ‚ĖĀ‚ĖĀ‚ĖĀ‚ĖĀ
wandb:            eval/roc_auc ‚ĖĀ‚ĖĄ‚ĖÜ‚Ėá‚Ėą‚Ėą‚Ėą‚Ėą‚Ėá‚Ėá‚Ėá‚Ėą‚Ėą‚Ėą‚Ėą
wandb:                    step ‚ĖĀ‚ĖĀ‚Ėā‚ĖÉ‚ĖÉ‚ĖÉ‚ĖĄ‚ĖÖ‚ĖÖ‚ĖÖ‚ĖÜ‚Ėá‚Ėá‚Ėá‚Ėą
wandb:                     +10 ...
wandb: 
wandb: Run summary:
wandb:                   epoch 15
wandb:           eval/accuracy 0.7
wandb:           eval/macro_f1 0.53125
wandb:        eval/positive_f1 0.25
wandb: eval/positive_precision 0.14286
wandb:    eval/positive_recall 1
wandb:             eval/pr_auc 0.225
wandb:         eval/prevalence 0.05
wandb:            eval/roc_auc 0.85526
wandb:                    step 15
wandb:                     +10 ...
wandb: 
wandb: ūüöÄ View run gpqa-majority_s_0.5-last_layer-seed2 at: https://wandb.ai/wth_ucsd/cot-loop-probe/runs/yw1ubnnc
wandb: ‚≠źÔłŹ View project at: https://wandb.ai/wth_ucsd/cot-loop-probe
wandb: Synced 5 W&B file(s), 0 media file(s), 0 artifact file(s) and 0 other file(s)
wandb: Find logs at: ./wandb/run-20260404_055906-yw1ubnnc/logs
wandb: [wandb.login()] Loaded credentials for https://api.wandb.ai from WANDB_API_KEY.
wandb: Currently logged in as: wangzhi0467 (wth_ucsd) to https://api.wandb.ai. Use `wandb login --relogin` to force relogin
wandb: setting up run gqzax0dc
wandb: Tracking run with wandb version 0.25.0
wandb: Run data is saved locally in /data/scratch/murphy/projects/worktrees/cot-loop-binary-retrain-20260404-full/wandb/run-20260404_055920-gqzax0dc
wandb: Run `wandb offline` to turn off syncing.
wandb: Syncing run aime-majority_s_0.5-ensemble-seed0
wandb: ‚≠źÔłŹ View project at https://wandb.ai/wth_ucsd/cot-loop-probe
wandb: ūüöÄ View run at https://wandb.ai/wth_ucsd/cot-loop-probe/runs/gqzax0dc
wandb: updating run metadata
wandb: uploading output.log
wandb: 
wandb: Run history:
wandb:                   epoch ‚ĖĀ‚ĖĀ‚Ėā‚ĖÉ‚ĖÉ‚ĖÉ‚ĖĄ‚ĖÖ‚ĖÖ‚ĖÖ‚ĖÜ‚Ėá‚Ėá‚Ėá‚Ėą
wandb:           eval/accuracy ‚ĖĀ‚ĖĀ‚ĖÜ‚ĖÜ‚ĖÉ‚ĖÜ‚ĖÉ‚ĖÜ‚Ėą‚ĖÜ‚Ėą‚Ėą‚Ėą‚Ėą‚ĖÜ
wandb:           eval/macro_f1 ‚ĖĀ‚ĖĀ‚ĖÜ‚ĖÜ‚ĖÉ‚ĖÜ‚ĖÉ‚ĖÜ‚Ėą‚ĖÜ‚Ėą‚Ėą‚Ėą‚Ėą‚ĖÜ
wandb:        eval/positive_f1 ‚ĖĀ‚ĖĀ‚Ėá‚Ėá‚ĖÉ‚Ėá‚ĖÉ‚Ėá‚Ėą‚Ėá‚Ėą‚Ėą‚Ėą‚Ėą‚Ėá
wandb: eval/positive_precision ‚Ėą‚Ėą‚ĖĀ‚Ėą‚Ėą‚Ėą‚Ėą‚Ėą‚Ėą‚Ėą‚Ėą‚Ėą‚Ėą‚Ėą‚Ėą
wandb:    eval/positive_recall ‚ĖĀ‚ĖĀ‚Ėą‚ĖÜ‚ĖÉ‚ĖÜ‚ĖÉ‚ĖÜ‚Ėą‚ĖÜ‚Ėą‚Ėą‚Ėą‚Ėą‚ĖÜ
wandb:             eval/pr_auc ‚ĖĀ‚ĖÜ‚Ėá‚Ėą‚Ėá‚Ėą‚Ėá‚Ėą‚Ėą‚Ėą‚Ėą‚Ėą‚Ėą‚Ėá‚Ėá
wandb:         eval/prevalence ‚ĖĀ‚ĖĀ‚ĖĀ‚ĖĀ‚ĖĀ‚ĖĀ‚ĖĀ‚ĖĀ‚ĖĀ‚ĖĀ‚ĖĀ‚ĖĀ‚ĖĀ‚ĖĀ‚ĖĀ
wandb:            eval/roc_auc ‚ĖĀ‚ĖÖ‚Ėá‚Ėą‚ĖÜ‚Ėá‚ĖÜ‚Ėą‚Ėá‚Ėą‚Ėá‚Ėá‚Ėą‚Ėá‚Ėá
wandb:                    step ‚ĖĀ‚ĖĀ‚Ėā‚ĖÉ‚ĖÉ‚ĖÉ‚ĖĄ‚ĖÖ‚ĖÖ‚ĖÖ‚ĖÜ‚Ėá‚Ėá‚Ėá‚Ėą
wandb:                     +10 ...
wandb: 
wandb: Run summary:
wandb:                   epoch 15
wandb:           eval/accuracy 0.75
wandb:           eval/macro_f1 0.74825
wandb:        eval/positive_f1 0.72727
wandb: eval/positive_precision 1
wandb:    eval/positive_recall 0.57143
wandb:             eval/pr_auc 0.90043
wandb:         eval/prevalence 0.58333
wandb:            eval/roc_auc 0.81429
wandb:                    step 15
wandb:                     +10 ...
wandb: 
wandb: ūüöÄ View run aime-majority_s_0.5-ensemble-seed0 at: https://wandb.ai/wth_ucsd/cot-loop-probe/runs/gqzax0dc
wandb: ‚≠źÔłŹ View project at: https://wandb.ai/wth_ucsd/cot-loop-probe
wandb: Synced 5 W&B file(s), 0 media file(s), 0 artifact file(s) and 0 other file(s)
wandb: Find logs at: ./wandb/run-20260404_055920-gqzax0dc/logs
wandb: [wandb.login()] Loaded credentials for https://api.wandb.ai from WANDB_API_KEY.
wandb: Currently logged in as: wangzhi0467 (wth_ucsd) to https://api.wandb.ai. Use `wandb login --relogin` to force relogin
wandb: setting up run mgjsbbsx
wandb: Tracking run with wandb version 0.25.0
wandb: Run data is saved locally in /data/scratch/murphy/projects/worktrees/cot-loop-binary-retrain-20260404-full/wandb/run-20260404_055944-mgjsbbsx
wandb: Run `wandb offline` to turn off syncing.
wandb: Syncing run aime-majority_s_0.5-ensemble-seed1
wandb: ‚≠źÔłŹ View project at https://wandb.ai/wth_ucsd/cot-loop-probe
wandb: ūüöÄ View run at https://wandb.ai/wth_ucsd/cot-loop-probe/runs/mgjsbbsx
wandb: updating run metadata
wandb: uploading output.log; uploading wandb-summary.json; uploading config.yaml
wandb: 
wandb: Run history:
wandb:                   epoch ‚ĖĀ‚ĖĀ‚Ėā‚ĖÉ‚ĖÉ‚ĖÉ‚ĖĄ‚ĖÖ‚ĖÖ‚ĖÖ‚ĖÜ‚Ėá‚Ėá‚Ėá‚Ėą
wandb:           eval/accuracy ‚ĖĀ‚Ėą‚ĖÜ‚Ėą‚Ėą‚ĖĄ‚ĖÜ‚Ėą‚Ėą‚Ėą‚Ėą‚Ėą‚Ėą‚Ėą‚Ėą
wandb:           eval/macro_f1 ‚ĖĀ‚Ėą‚Ėá‚Ėą‚Ėą‚ĖÖ‚Ėá‚Ėą‚Ėą‚Ėą‚Ėą‚Ėą‚Ėą‚Ėą‚Ėą
wandb:        eval/positive_f1 ‚ĖĀ‚Ėą‚Ėą‚Ėą‚Ėą‚ĖÖ‚Ėá‚Ėą‚Ėą‚Ėą‚Ėą‚Ėą‚Ėą‚Ėą‚Ėą
wandb: eval/positive_precision ‚ĖĀ‚Ėą‚ĖÜ‚Ėą‚Ėą‚Ėą‚Ėą‚Ėą‚Ėą‚Ėą‚Ėą‚Ėą‚Ėą‚Ėą‚Ėą
wandb:    eval/positive_recall ‚ĖĀ‚Ėá‚Ėą‚Ėá‚Ėá‚ĖĄ‚ĖÖ‚Ėá‚Ėá‚Ėá‚Ėá‚Ėá‚Ėá‚Ėá‚Ėá
wandb:             eval/pr_auc ‚ĖĀ‚ĖÜ‚ĖÉ‚ĖÜ‚Ėá‚Ėá‚Ėá‚ĖÜ‚Ėą‚Ėą‚ĖÖ‚ĖÖ‚Ėá‚ĖÜ‚ĖÖ
wandb:         eval/prevalence ‚ĖĀ‚ĖĀ‚ĖĀ‚ĖĀ‚ĖĀ‚ĖĀ‚ĖĀ‚ĖĀ‚ĖĀ‚ĖĀ‚ĖĀ‚ĖĀ‚ĖĀ‚ĖĀ‚ĖĀ
wandb:            eval/roc_auc ‚ĖĀ‚ĖÜ‚ĖÉ‚ĖÜ‚Ėá‚ĖÜ‚ĖÜ‚ĖÉ‚Ėą‚Ėą‚ĖĄ‚ĖĄ‚ĖÜ‚ĖÉ‚ĖÉ
wandb:                    step ‚ĖĀ‚ĖĀ‚Ėā‚ĖÉ‚ĖÉ‚ĖÉ‚ĖĄ‚ĖÖ‚ĖÖ‚ĖÖ‚ĖÜ‚Ėá‚Ėá‚Ėá‚Ėą
wandb:                     +10 ...
wandb: 
wandb: Run summary:
wandb:                   epoch 15
wandb:           eval/accuracy 0.75
wandb:           eval/macro_f1 0.74825
wandb:        eval/positive_f1 0.72727
wandb: eval/positive_precision 1
wandb:    eval/positive_recall 0.57143
wandb:             eval/pr_auc 0.8671
wandb:         eval/prevalence 0.58333
wandb:            eval/roc_auc 0.77143
wandb:                    step 15
wandb:                     +10 ...
wandb: 
wandb: ūüöÄ View run aime-majority_s_0.5-ensemble-seed1 at: https://wandb.ai/wth_ucsd/cot-loop-probe/runs/mgjsbbsx
wandb: ‚≠źÔłŹ View project at: https://wandb.ai/wth_ucsd/cot-loop-probe
wandb: Synced 5 W&B file(s), 0 media file(s), 0 artifact file(s) and 0 other file(s)
wandb: Find logs at: ./wandb/run-20260404_055944-mgjsbbsx/logs
wandb: [wandb.login()] Loaded credentials for https://api.wandb.ai from WANDB_API_KEY.
wandb: Currently logged in as: wangzhi0467 (wth_ucsd) to https://api.wandb.ai. Use `wandb login --relogin` to force relogin
wandb: setting up run q8t7b6ce
wandb: Tracking run with wandb version 0.25.0
wandb: Run data is saved locally in /data/scratch/murphy/projects/worktrees/cot-loop-binary-retrain-20260404-full/wandb/run-20260404_060007-q8t7b6ce
wandb: Run `wandb offline` to turn off syncing.
wandb: Syncing run aime-majority_s_0.5-ensemble-seed2
wandb: ‚≠źÔłŹ View project at https://wandb.ai/wth_ucsd/cot-loop-probe
wandb: ūüöÄ View run at https://wandb.ai/wth_ucsd/cot-loop-probe/runs/q8t7b6ce
wandb: updating run metadata
wandb: uploading output.log; uploading wandb-summary.json
wandb: 
wandb: Run history:
wandb:                   epoch ‚ĖĀ‚ĖĀ‚Ėā‚ĖÉ‚ĖÉ‚ĖÉ‚ĖĄ‚ĖÖ‚ĖÖ‚ĖÖ‚ĖÜ‚Ėá‚Ėá‚Ėá‚Ėą
wandb:           eval/accuracy ‚ĖĀ‚ĖÉ‚ĖÜ‚ĖĀ‚ĖÜ‚ĖÜ‚ĖÜ‚Ėą‚Ėą‚Ėą‚Ėą‚Ėą‚Ėą‚Ėą‚Ėą
wandb:           eval/macro_f1 ‚ĖĀ‚ĖĄ‚ĖÜ‚ĖĀ‚ĖÜ‚ĖÜ‚ĖÜ‚Ėą‚Ėą‚Ėą‚Ėą‚Ėą‚Ėą‚Ėą‚Ėą
wandb:        eval/positive_f1 ‚ĖĀ‚ĖĄ‚ĖÜ‚ĖĀ‚ĖÜ‚ĖÜ‚ĖÜ‚Ėą‚Ėą‚Ėą‚Ėą‚Ėą‚Ėą‚Ėą‚Ėą
wandb: eval/positive_precision ‚ĖĀ‚ĖĀ‚ĖĀ‚ĖĀ‚ĖĀ‚ĖĀ‚ĖĀ‚ĖĀ‚ĖĀ‚ĖĀ‚ĖĀ‚ĖĀ‚ĖĀ‚ĖĀ‚ĖĀ
wandb:    eval/positive_recall ‚ĖĀ‚ĖÉ‚ĖÜ‚ĖĀ‚ĖÜ‚ĖÜ‚ĖÜ‚Ėą‚Ėą‚Ėą‚Ėą‚Ėą‚Ėą‚Ėą‚Ėą
wandb:             eval/pr_auc ‚ĖĀ‚ĖÉ‚Ėą‚Ėą‚Ėą‚Ėą‚Ėą‚Ėą‚Ėá‚Ėá‚Ėą‚Ėá‚Ėá‚Ėá‚ĖÜ
wandb:         eval/prevalence ‚ĖĀ‚ĖĀ‚ĖĀ‚ĖĀ‚ĖĀ‚ĖĀ‚ĖĀ‚ĖĀ‚ĖĀ‚ĖĀ‚ĖĀ‚ĖĀ‚ĖĀ‚ĖĀ‚ĖĀ
wandb:            eval/roc_auc ‚ĖĀ‚ĖĀ‚Ėá‚Ėą‚Ėá‚Ėá‚Ėá‚ĖÖ‚ĖÖ‚ĖÖ‚ĖÜ‚ĖÖ‚ĖÜ‚ĖÖ‚ĖĀ
wandb:                    step ‚ĖĀ‚ĖĀ‚Ėā‚ĖÉ‚ĖÉ‚ĖÉ‚ĖĄ‚ĖÖ‚ĖÖ‚ĖÖ‚ĖÜ‚Ėá‚Ėá‚Ėá‚Ėą
wandb:                     +10 ...
wandb: 
wandb: Run summary:
wandb:                   epoch 15
wandb:           eval/accuracy 0.83333
wandb:           eval/macro_f1 0.83333
wandb:        eval/positive_f1 0.83333
wandb: eval/positive_precision 1
wandb:    eval/positive_recall 0.71429
wandb:             eval/pr_auc 0.87554
wandb:         eval/prevalence 0.58333
wandb:            eval/roc_auc 0.72857
wandb:                    step 15
wandb:                     +10 ...
wandb: 
wandb: ūüöÄ View run aime-majority_s_0.5-ensemble-seed2 at: https://wandb.ai/wth_ucsd/cot-loop-probe/runs/q8t7b6ce
wandb: ‚≠źÔłŹ View project at: https://wandb.ai/wth_ucsd/cot-loop-probe
wandb: Synced 5 W&B file(s), 0 media file(s), 0 artifact file(s) and 0 other file(s)
wandb: Find logs at: ./wandb/run-20260404_060007-q8t7b6ce/logs
wandb: [wandb.login()] Loaded credentials for https://api.wandb.ai from WANDB_API_KEY.
wandb: Currently logged in as: wangzhi0467 (wth_ucsd) to https://api.wandb.ai. Use `wandb login --relogin` to force relogin
wandb: setting up run 6t2gfagw
wandb: Tracking run with wandb version 0.25.0
wandb: Run data is saved locally in /data/scratch/murphy/projects/worktrees/cot-loop-binary-retrain-20260404-full/wandb/run-20260404_060030-6t2gfagw
wandb: Run `wandb offline` to turn off syncing.
wandb: Syncing run aime-majority_s_0.5-last_layer-seed0
wandb: ‚≠źÔłŹ View project at https://wandb.ai/wth_ucsd/cot-loop-probe
wandb: ūüöÄ View run at https://wandb.ai/wth_ucsd/cot-loop-probe/runs/6t2gfagw
wandb: updating run metadata
wandb: uploading history steps 0-14, summary, console lines 1-14
wandb: 
wandb: Run history:
wandb:                   epoch ‚ĖĀ‚ĖĀ‚Ėā‚ĖÉ‚ĖÉ‚ĖÉ‚ĖĄ‚ĖÖ‚ĖÖ‚ĖÖ‚ĖÜ‚Ėá‚Ėá‚Ėá‚Ėą
wandb:           eval/accuracy ‚ĖĀ‚ĖĀ‚ĖĄ‚ĖĄ‚ĖĄ‚ĖÖ‚ĖÖ‚ĖĄ‚ĖÖ‚ĖÖ‚Ėá‚Ėą‚Ėá‚Ėá‚Ėá
wandb:           eval/macro_f1 ‚Ėā‚ĖĀ‚ĖĄ‚ĖĄ‚ĖĄ‚ĖÜ‚ĖÜ‚ĖĄ‚ĖÜ‚ĖÜ‚Ėá‚Ėą‚Ėá‚Ėá‚Ėá
wandb:        eval/positive_f1 ‚ĖÉ‚ĖĀ‚ĖÖ‚Ėá‚Ėá‚Ėá‚ĖÜ‚ĖÖ‚ĖÜ‚ĖÜ‚Ėá‚Ėą‚Ėá‚Ėá‚Ėá
wandb: eval/positive_precision ‚ĖÖ‚ĖĀ‚Ėą‚ĖÖ‚ĖÖ‚ĖÜ‚Ėą‚Ėą‚Ėą‚Ėą‚Ėą‚Ėą‚Ėá‚Ėá‚Ėą
wandb:    eval/positive_recall ‚Ėā‚ĖĀ‚ĖÉ‚Ėą‚Ėą‚Ėá‚ĖÖ‚ĖÉ‚ĖÖ‚ĖÖ‚ĖÜ‚Ėá‚Ėá‚Ėá‚ĖÜ
wandb:             eval/pr_auc ‚ĖĀ‚ĖÉ‚ĖÖ‚ĖÜ‚ĖÜ‚Ėá‚Ėá‚Ėą‚Ėá‚Ėą‚Ėą‚Ėą‚Ėą‚Ėą‚Ėą
wandb:         eval/prevalence ‚ĖĀ‚ĖĀ‚ĖĀ‚ĖĀ‚ĖĀ‚ĖĀ‚ĖĀ‚ĖĀ‚ĖĀ‚ĖĀ‚ĖĀ‚ĖĀ‚ĖĀ‚ĖĀ‚ĖĀ
wandb:            eval/roc_auc ‚ĖĀ‚Ėā‚ĖÖ‚ĖÜ‚ĖÜ‚Ėá‚Ėá‚Ėą‚Ėá‚Ėą‚Ėą‚Ėą‚Ėą‚Ėą‚Ėą
wandb:                    step ‚ĖĀ‚ĖĀ‚Ėā‚ĖÉ‚ĖÉ‚ĖÉ‚ĖĄ‚ĖÖ‚ĖÖ‚ĖÖ‚ĖÜ‚Ėá‚Ėá‚Ėá‚Ėą
wandb:                     +10 ...
wandb: 
wandb: Run summary:
wandb:                   epoch 15
wandb:           eval/accuracy 0.75
wandb:           eval/macro_f1 0.74825
wandb:        eval/positive_f1 0.72727
wandb: eval/positive_precision 1
wandb:    eval/positive_recall 0.57143
wandb:             eval/pr_auc 0.89091
wandb:         eval/prevalence 0.58333
wandb:            eval/roc_auc 0.77143
wandb:                    step 15
wandb:                     +10 ...
wandb: 
wandb: ūüöÄ View run aime-majority_s_0.5-last_layer-seed0 at: https://wandb.ai/wth_ucsd/cot-loop-probe/runs/6t2gfagw
wandb: ‚≠źÔłŹ View project at: https://wandb.ai/wth_ucsd/cot-loop-probe
wandb: Synced 5 W&B file(s), 0 media file(s), 0 artifact file(s) and 0 other file(s)
wandb: Find logs at: ./wandb/run-20260404_060030-6t2gfagw/logs
wandb: [wandb.login()] Loaded credentials for https://api.wandb.ai from WANDB_API_KEY.
wandb: Currently logged in as: wangzhi0467 (wth_ucsd) to https://api.wandb.ai. Use `wandb login --relogin` to force relogin
wandb: setting up run 5bzj633a
wandb: Tracking run with wandb version 0.25.0
wandb: Run data is saved locally in /data/scratch/murphy/projects/worktrees/cot-loop-binary-retrain-20260404-full/wandb/run-20260404_060043-5bzj633a
wandb: Run `wandb offline` to turn off syncing.
wandb: Syncing run aime-majority_s_0.5-last_layer-seed1
wandb: ‚≠źÔłŹ View project at https://wandb.ai/wth_ucsd/cot-loop-probe
wandb: ūüöÄ View run at https://wandb.ai/wth_ucsd/cot-loop-probe/runs/5bzj633a
wandb: updating run metadata
wandb: uploading history steps 0-14, summary, console lines 1-14
wandb: 
wandb: Run history:
wandb:                   epoch ‚ĖĀ‚ĖĀ‚Ėā‚ĖÉ‚ĖÉ‚ĖÉ‚ĖĄ‚ĖÖ‚ĖÖ‚ĖÖ‚ĖÜ‚Ėá‚Ėá‚Ėá‚Ėą
wandb:           eval/accuracy ‚ĖĀ‚ĖĀ‚ĖÖ‚ĖÖ‚ĖÖ‚Ėą‚Ėą‚Ėą‚Ėą‚ĖĀ‚ĖĀ‚ĖÖ‚ĖÖ‚Ėą‚Ėą
wandb:           eval/macro_f1 ‚ĖÉ‚ĖĀ‚ĖÜ‚ĖÜ‚ĖÜ‚Ėą‚Ėą‚Ėą‚Ėą‚ĖÖ‚ĖÖ‚ĖÜ‚ĖÜ‚Ėą‚Ėą
wandb:        eval/positive_f1 ‚ĖÜ‚Ėá‚ĖÜ‚ĖÜ‚ĖÜ‚Ėą‚Ėą‚Ėą‚Ėą‚ĖĀ‚ĖĀ‚ĖÖ‚ĖÖ‚Ėą‚Ėą
wandb: eval/positive_precision ‚ĖĀ‚ĖĀ‚ĖÖ‚ĖÖ‚ĖÖ‚Ėą‚Ėą‚Ėą‚Ėą‚ĖÜ‚ĖÜ‚Ėá‚Ėá‚Ėą‚Ėą
wandb:    eval/positive_recall ‚ĖÜ‚Ėą‚ĖÖ‚ĖÖ‚ĖÖ‚ĖÖ‚ĖÖ‚ĖÖ‚ĖÖ‚ĖĀ‚ĖĀ‚ĖÉ‚ĖÉ‚ĖÖ‚ĖÖ
wandb:             eval/pr_auc ‚ĖĀ‚ĖÉ‚Ėą‚Ėą‚Ėą‚Ėą‚Ėą‚Ėą‚Ėą‚Ėą‚Ėą‚Ėą‚Ėą‚Ėą‚Ėą
wandb:         eval/prevalence ‚ĖĀ‚ĖĀ‚ĖĀ‚ĖĀ‚ĖĀ‚ĖĀ‚ĖĀ‚ĖĀ‚ĖĀ‚ĖĀ‚ĖĀ‚ĖĀ‚ĖĀ‚ĖĀ‚ĖĀ
wandb:            eval/roc_auc ‚ĖĀ‚ĖĄ‚Ėá‚Ėą‚Ėą‚Ėą‚Ėą‚Ėą‚Ėą‚Ėą‚Ėą‚Ėą‚Ėą‚Ėą‚Ėą
wandb:                    step ‚ĖĀ‚ĖĀ‚Ėā‚ĖÉ‚ĖÉ‚ĖÉ‚ĖĄ‚ĖÖ‚ĖÖ‚ĖÖ‚ĖÜ‚Ėá‚Ėá‚Ėá‚Ėą
wandb:                     +10 ...
wandb: 
wandb: Run summary:
wandb:                   epoch 15
wandb:           eval/accuracy 0.75
wandb:           eval/macro_f1 0.74825
wandb:        eval/positive_f1 0.76923
wandb: eval/positive_precision 0.83333
wandb:    eval/positive_recall 0.71429
wandb:             eval/pr_auc 0.80281
wandb:         eval/prevalence 0.58333
wandb:            eval/roc_auc 0.68571
wandb:                    step 15
wandb:                     +10 ...
wandb: 
wandb: ūüöÄ View run aime-majority_s_0.5-last_layer-seed1 at: https://wandb.ai/wth_ucsd/cot-loop-probe/runs/5bzj633a
wandb: ‚≠źÔłŹ View project at: https://wandb.ai/wth_ucsd/cot-loop-probe
wandb: Synced 5 W&B file(s), 0 media file(s), 0 artifact file(s) and 0 other file(s)
wandb: Find logs at: ./wandb/run-20260404_060043-5bzj633a/logs
wandb: [wandb.login()] Loaded credentials for https://api.wandb.ai from WANDB_API_KEY.
wandb: Currently logged in as: wangzhi0467 (wth_ucsd) to https://api.wandb.ai. Use `wandb login --relogin` to force relogin
wandb: setting up run 2bl6fh4f
wandb: Tracking run with wandb version 0.25.0
wandb: Run data is saved locally in /data/scratch/murphy/projects/worktrees/cot-loop-binary-retrain-20260404-full/wandb/run-20260404_060056-2bl6fh4f
wandb: Run `wandb offline` to turn off syncing.
wandb: Syncing run aime-majority_s_0.5-last_layer-seed2
wandb: ‚≠źÔłŹ View project at https://wandb.ai/wth_ucsd/cot-loop-probe
wandb: ūüöÄ View run at https://wandb.ai/wth_ucsd/cot-loop-probe/runs/2bl6fh4f
wandb: updating run metadata
wandb: uploading output.log; uploading wandb-summary.json
wandb: 
wandb: Run history:
wandb:                   epoch ‚ĖĀ‚ĖĀ‚Ėā‚ĖÉ‚ĖÉ‚ĖÉ‚ĖĄ‚ĖÖ‚ĖÖ‚ĖÖ‚ĖÜ‚Ėá‚Ėá‚Ėá‚Ėą
wandb:           eval/accuracy ‚ĖĀ‚ĖÉ‚ĖÜ‚ĖÉ‚ĖĀ‚ĖÜ‚ĖÜ‚ĖÉ‚Ėą‚ĖÜ‚ĖÉ‚ĖÉ‚ĖÉ‚ĖÉ‚ĖÜ
wandb:           eval/macro_f1 ‚ĖĀ‚ĖÉ‚ĖÜ‚ĖĄ‚ĖĀ‚ĖÜ‚ĖÜ‚ĖÉ‚Ėą‚ĖÜ‚ĖĄ‚ĖĄ‚ĖĄ‚ĖĄ‚ĖÜ
wandb:        eval/positive_f1 ‚ĖĀ‚Ėā‚Ėą‚ĖÜ‚ĖÖ‚Ėá‚ĖÖ‚Ėā‚Ėą‚Ėá‚ĖÜ‚ĖÜ‚ĖÜ‚ĖÜ‚Ėá
wandb: eval/positive_precision ‚ĖÉ‚Ėą‚ĖÉ‚ĖÉ‚ĖĀ‚ĖÖ‚Ėą‚Ėą‚Ėą‚ĖÖ‚ĖÉ‚ĖÉ‚ĖÉ‚ĖÉ‚ĖÖ
wandb:    eval/positive_recall ‚ĖĀ‚ĖĀ‚Ėą‚ĖÜ‚ĖÜ‚ĖÜ‚ĖÉ‚ĖĀ‚ĖÜ‚ĖÜ‚ĖÜ‚ĖÜ‚ĖÜ‚ĖÜ‚ĖÜ
wandb:             eval/pr_auc ‚ĖĀ‚Ėā‚ĖÖ‚ĖÜ‚ĖÜ‚Ėą‚Ėá‚Ėá‚Ėá‚Ėá‚Ėá‚Ėá‚Ėą‚Ėą‚Ėą
wandb:         eval/prevalence ‚ĖĀ‚ĖĀ‚ĖĀ‚ĖĀ‚ĖĀ‚ĖĀ‚ĖĀ‚ĖĀ‚ĖĀ‚ĖĀ‚ĖĀ‚ĖĀ‚ĖĀ‚ĖĀ‚ĖĀ
wandb:            eval/roc_auc ‚ĖĀ‚Ėā‚ĖÜ‚ĖÜ‚ĖÜ‚Ėą‚Ėá‚Ėá‚Ėá‚Ėá‚Ėá‚Ėá‚Ėą‚Ėą‚Ėą
wandb:                    step ‚ĖĀ‚ĖĀ‚Ėā‚ĖÉ‚ĖÉ‚ĖÉ‚ĖĄ‚ĖÖ‚ĖÖ‚ĖÖ‚ĖÜ‚Ėá‚Ėá‚Ėá‚Ėą
wandb:                     +10 ...
wandb: 
wandb: Run summary:
wandb:                   epoch 15
wandb:           eval/accuracy 0.66667
wandb:           eval/macro_f1 0.66667
wandb:        eval/positive_f1 0.66667
wandb: eval/positive_precision 0.8
wandb:    eval/positive_recall 0.57143
wandb:             eval/pr_auc 0.85009
wandb:         eval/prevalence 0.58333
wandb:            eval/roc_auc 0.71429
wandb:                    step 15
wandb:                     +10 ...
wandb: 
wandb: ūüöÄ View run aime-majority_s_0.5-last_layer-seed2 at: https://wandb.ai/wth_ucsd/cot-loop-probe/runs/2bl6fh4f
wandb: ‚≠źÔłŹ View project at: https://wandb.ai/wth_ucsd/cot-loop-probe
wandb: Synced 5 W&B file(s), 0 media file(s), 0 artifact file(s) and 0 other file(s)
wandb: Find logs at: ./wandb/run-20260404_060056-2bl6fh4f/logs
wandb: [wandb.login()] Loaded credentials for https://api.wandb.ai from WANDB_API_KEY.
wandb: Currently logged in as: wangzhi0467 (wth_ucsd) to https://api.wandb.ai. Use `wandb login --relogin` to force relogin
wandb: setting up run u611re1w
wandb: Tracking run with wandb version 0.25.0
wandb: Run data is saved locally in /data/scratch/murphy/projects/worktrees/cot-loop-binary-retrain-20260404-full/wandb/run-20260404_060110-u611re1w
wandb: Run `wandb offline` to turn off syncing.
wandb: Syncing run math500-majority_s_0.5-ensemble-seed0
wandb: ‚≠źÔłŹ View project at https://wandb.ai/wth_ucsd/cot-loop-probe
wandb: ūüöÄ View run at https://wandb.ai/wth_ucsd/cot-loop-probe/runs/u611re1w
wandb: updating run metadata
wandb: uploading output.log
wandb: 
wandb: Run history:
wandb:                   epoch ‚ĖĀ‚ĖĀ‚Ėā‚ĖÉ‚ĖÉ‚ĖÉ‚ĖĄ‚ĖÖ‚ĖÖ‚ĖÖ‚ĖÜ‚Ėá‚Ėá‚Ėá‚Ėą
wandb:           eval/accuracy ‚Ėą‚ĖÜ‚ĖĀ‚ĖĄ‚ĖÖ‚ĖĄ‚ĖÖ‚ĖĄ‚ĖÉ‚ĖÉ‚ĖÉ‚ĖÉ‚ĖÉ‚ĖÉ‚ĖÉ
wandb:           eval/macro_f1 ‚Ėą‚Ėá‚ĖĀ‚ĖÜ‚ĖÜ‚ĖÜ‚ĖÜ‚ĖÖ‚ĖĄ‚ĖĄ‚ĖÖ‚ĖĄ‚ĖÖ‚ĖÖ‚ĖÖ
wandb:        eval/positive_f1 ‚ĖĀ‚ĖÜ‚ĖÉ‚Ėá‚Ėą‚Ėá‚Ėą‚ĖÜ‚ĖÖ‚ĖÖ‚ĖÜ‚ĖÜ‚ĖÜ‚ĖÜ‚ĖÜ
wandb: eval/positive_precision ‚ĖĀ‚Ėá‚ĖĀ‚Ėá‚Ėą‚Ėá‚Ėą‚ĖÜ‚ĖĄ‚ĖĄ‚ĖÖ‚ĖÖ‚ĖÖ‚ĖÖ‚ĖÖ
wandb:    eval/positive_recall ‚ĖĀ‚ĖÜ‚Ėą‚Ėą‚Ėą‚Ėą‚Ėą‚Ėą‚Ėą‚Ėą‚Ėą‚Ėą‚Ėą‚Ėą‚Ėą
wandb:             eval/pr_auc ‚ĖĀ‚ĖĄ‚Ėā‚Ėá‚ĖĄ‚ĖĄ‚ĖÖ‚Ėą‚ĖÜ‚ĖÖ‚ĖÖ‚Ėą‚ĖÖ‚Ėą‚ĖÖ
wandb:         eval/prevalence ‚ĖĀ‚ĖĀ‚ĖĀ‚ĖĀ‚ĖĀ‚ĖĀ‚ĖĀ‚ĖĀ‚ĖĀ‚ĖĀ‚ĖĀ‚ĖĀ‚ĖĀ‚ĖĀ‚ĖĀ
wandb:            eval/roc_auc ‚ĖĀ‚Ėá‚ĖÜ‚Ėá‚ĖÜ‚Ėá‚Ėá‚Ėą‚Ėą‚Ėá‚Ėá‚Ėą‚Ėá‚Ėá‚Ėá
wandb:                    step ‚ĖĀ‚ĖĀ‚Ėā‚ĖÉ‚ĖÉ‚ĖÉ‚ĖĄ‚ĖÖ‚ĖÖ‚ĖÖ‚ĖÜ‚Ėá‚Ėá‚Ėá‚Ėą
wandb:                     +10 ...
wandb: 
wandb: Run summary:
wandb:                   epoch 15
wandb:           eval/accuracy 0.56
wandb:           eval/macro_f1 0.42827
wandb:        eval/positive_f1 0.15385
wandb: eval/positive_precision 0.08333
wandb:    eval/positive_recall 1
wandb:             eval/pr_auc 0.11188
wandb:         eval/prevalence 0.04
wandb:            eval/roc_auc 0.8138
wandb:                    step 15
wandb:                     +10 ...
wandb: 
wandb: ūüöÄ View run math500-majority_s_0.5-ensemble-seed0 at: https://wandb.ai/wth_ucsd/cot-loop-probe/runs/u611re1w
wandb: ‚≠źÔłŹ View project at: https://wandb.ai/wth_ucsd/cot-loop-probe
wandb: Synced 5 W&B file(s), 0 media file(s), 0 artifact file(s) and 0 other file(s)
wandb: Find logs at: ./wandb/run-20260404_060110-u611re1w/logs
wandb: [wandb.login()] Loaded credentials for https://api.wandb.ai from WANDB_API_KEY.
wandb: Currently logged in as: wangzhi0467 (wth_ucsd) to https://api.wandb.ai. Use `wandb login --relogin` to force relogin
wandb: setting up run gjzwl0kd
wandb: Tracking run with wandb version 0.25.0
wandb: Run data is saved locally in /data/scratch/murphy/projects/worktrees/cot-loop-binary-retrain-20260404-full/wandb/run-20260404_060133-gjzwl0kd
wandb: Run `wandb offline` to turn off syncing.
wandb: Syncing run math500-majority_s_0.5-ensemble-seed1
wandb: ‚≠źÔłŹ View project at https://wandb.ai/wth_ucsd/cot-loop-probe
wandb: ūüöÄ View run at https://wandb.ai/wth_ucsd/cot-loop-probe/runs/gjzwl0kd
wandb: updating run metadata
wandb: uploading output.log; uploading wandb-summary.json; uploading config.yaml
wandb: 
wandb: Run history:
wandb:                   epoch ‚ĖĀ‚ĖĀ‚Ėā‚ĖÉ‚ĖÉ‚ĖÉ‚ĖĄ‚ĖÖ‚ĖÖ‚ĖÖ‚ĖÜ‚Ėá‚Ėá‚Ėá‚Ėą
wandb:           eval/accuracy ‚Ėą‚Ėā‚ĖĀ‚ĖÉ‚ĖĄ‚ĖĄ‚ĖĄ‚ĖĄ‚ĖĄ‚ĖĄ‚ĖĄ‚ĖĄ‚ĖĄ‚ĖÖ‚ĖÖ
wandb:           eval/macro_f1 ‚Ėą‚Ėā‚ĖĀ‚ĖÖ‚Ėá‚Ėá‚ĖÜ‚ĖÜ‚ĖÜ‚ĖÜ‚ĖÜ‚ĖÜ‚Ėá‚Ėá‚Ėá
wandb:        eval/positive_f1 ‚ĖĀ‚ĖÜ‚ĖÖ‚ĖÜ‚Ėą‚Ėą‚Ėá‚Ėá‚Ėá‚Ėá‚Ėá‚Ėá‚Ėą‚Ėą‚Ėą
wandb: eval/positive_precision ‚ĖĀ‚ĖÜ‚ĖÖ‚ĖÜ‚Ėą‚Ėą‚Ėá‚Ėá‚Ėá‚Ėá‚Ėá‚Ėá‚Ėą‚Ėą‚Ėą
wandb:    eval/positive_recall ‚ĖĀ‚Ėą‚Ėą‚Ėą‚Ėą‚Ėą‚Ėą‚Ėą‚Ėą‚Ėą‚Ėą‚Ėą‚Ėą‚Ėą‚Ėą
wandb:             eval/pr_auc ‚ĖĀ‚ĖÉ‚ĖÖ‚ĖĄ‚ĖÖ‚ĖÜ‚ĖÜ‚Ėą‚ĖÖ‚ĖÖ‚ĖÖ‚ĖÖ‚ĖĄ‚ĖĄ‚ĖĄ
wandb:         eval/prevalence ‚ĖĀ‚ĖĀ‚ĖĀ‚ĖĀ‚ĖĀ‚ĖĀ‚ĖĀ‚ĖĀ‚ĖĀ‚ĖĀ‚ĖĀ‚ĖĀ‚ĖĀ‚ĖĀ‚ĖĀ
wandb:            eval/roc_auc ‚ĖĀ‚ĖÜ‚Ėá‚Ėá‚ĖÜ‚Ėá‚Ėą‚Ėą‚Ėá‚Ėá‚Ėá‚ĖÜ‚Ėá‚ĖÜ‚Ėá
wandb:                    step ‚ĖĀ‚ĖĀ‚Ėā‚ĖÉ‚ĖÉ‚ĖÉ‚ĖĄ‚ĖÖ‚ĖÖ‚ĖÖ‚ĖÜ‚Ėá‚Ėá‚Ėá‚Ėą
wandb:                     +10 ...
wandb: 
wandb: Run summary:
wandb:                   epoch 15
wandb:           eval/accuracy 0.58
wandb:           eval/macro_f1 0.44
wandb:        eval/positive_f1 0.16
wandb: eval/positive_precision 0.08696
wandb:    eval/positive_recall 1
wandb:             eval/pr_auc 0.0978
wandb:         eval/prevalence 0.04
wandb:            eval/roc_auc 0.77995
wandb:                    step 15
wandb:                     +10 ...
wandb: 
wandb: ūüöÄ View run math500-majority_s_0.5-ensemble-seed1 at: https://wandb.ai/wth_ucsd/cot-loop-probe/runs/gjzwl0kd
wandb: ‚≠źÔłŹ View project at: https://wandb.ai/wth_ucsd/cot-loop-probe
wandb: Synced 5 W&B file(s), 0 media file(s), 0 artifact file(s) and 0 other file(s)
wandb: Find logs at: ./wandb/run-20260404_060133-gjzwl0kd/logs
wandb: [wandb.login()] Loaded credentials for https://api.wandb.ai from WANDB_API_KEY.
wandb: Currently logged in as: wangzhi0467 (wth_ucsd) to https://api.wandb.ai. Use `wandb login --relogin` to force relogin
wandb: setting up run ylqyoxfy
wandb: Tracking run with wandb version 0.25.0
wandb: Run data is saved locally in /data/scratch/murphy/projects/worktrees/cot-loop-binary-retrain-20260404-full/wandb/run-20260404_060157-ylqyoxfy
wandb: Run `wandb offline` to turn off syncing.
wandb: Syncing run math500-majority_s_0.5-ensemble-seed2
wandb: ‚≠źÔłŹ View project at https://wandb.ai/wth_ucsd/cot-loop-probe
wandb: ūüöÄ View run at https://wandb.ai/wth_ucsd/cot-loop-probe/runs/ylqyoxfy
wandb: updating run metadata
wandb: uploading output.log
wandb: 
wandb: Run history:
wandb:                   epoch ‚ĖĀ‚ĖĀ‚Ėā‚ĖÉ‚ĖÉ‚ĖÉ‚ĖĄ‚ĖÖ‚ĖÖ‚ĖÖ‚ĖÜ‚Ėá‚Ėá‚Ėá‚Ėą
wandb:           eval/accuracy ‚ĖĀ‚ĖĀ‚ĖĀ‚ĖÖ‚Ėá‚Ėą‚ĖÜ‚ĖÖ‚ĖÖ‚ĖÖ‚ĖÖ‚Ėá‚Ėá‚ĖÜ‚ĖÜ
wandb:           eval/macro_f1 ‚ĖĀ‚ĖĀ‚ĖĀ‚ĖÖ‚Ėą‚Ėą‚Ėá‚ĖÖ‚ĖÜ‚ĖÜ‚ĖÜ‚Ėá‚Ėá‚Ėá‚Ėá
wandb:        eval/positive_f1 ‚ĖĀ‚ĖĀ‚ĖĀ‚ĖĄ‚Ėą‚ĖÉ‚Ėá‚ĖÖ‚ĖÖ‚ĖÖ‚ĖÖ‚Ėá‚Ėá‚ĖÜ‚Ėá
wandb: eval/positive_precision ‚ĖĀ‚ĖĀ‚ĖĀ‚ĖĄ‚Ėą‚ĖĄ‚Ėá‚ĖÖ‚ĖÖ‚ĖÖ‚ĖÖ‚Ėá‚Ėá‚ĖÜ‚Ėá
wandb:    eval/positive_recall ‚Ėą‚Ėą‚Ėą‚Ėą‚Ėą‚ĖĀ‚Ėą‚Ėą‚Ėą‚Ėą‚Ėą‚Ėą‚Ėą‚Ėą‚Ėą
wandb:             eval/pr_auc ‚ĖÉ‚ĖĄ‚ĖĀ‚ĖÉ‚ĖĄ‚Ėā‚ĖÉ‚Ėą‚ĖÖ‚Ėá‚ĖÖ‚ĖĄ‚Ėā‚ĖĄ‚ĖÜ
wandb:         eval/prevalence ‚ĖĀ‚ĖĀ‚ĖĀ‚ĖĀ‚ĖĀ‚ĖĀ‚ĖĀ‚ĖĀ‚ĖĀ‚ĖĀ‚ĖĀ‚ĖĀ‚ĖĀ‚ĖĀ‚ĖĀ
wandb:            eval/roc_auc ‚ĖĄ‚ĖÉ‚ĖĀ‚Ėā‚Ėā‚Ėā‚ĖÉ‚Ėą‚ĖÜ‚Ėá‚ĖÜ‚ĖÖ‚ĖÉ‚ĖÖ‚ĖÖ
wandb:                    step ‚ĖĀ‚ĖĀ‚Ėā‚ĖÉ‚ĖÉ‚ĖÉ‚ĖĄ‚ĖÖ‚ĖÖ‚ĖÖ‚ĖÜ‚Ėá‚Ėá‚Ėá‚Ėą
wandb:                     +10 ...
wandb: 
wandb: Run summary:
wandb:                   epoch 15
wandb:           eval/accuracy 0.55
wandb:           eval/macro_f1 0.42241
wandb:        eval/positive_f1 0.15094
wandb: eval/positive_precision 0.08163
wandb:    eval/positive_recall 1
wandb:             eval/pr_auc 0.1297
wandb:         eval/prevalence 0.04
wandb:            eval/roc_auc 0.81901
wandb:                    step 15
wandb:                     +10 ...
wandb: 
wandb: ūüöÄ View run math500-majority_s_0.5-ensemble-seed2 at: https://wandb.ai/wth_ucsd/cot-loop-probe/runs/ylqyoxfy
wandb: ‚≠źÔłŹ View project at: https://wandb.ai/wth_ucsd/cot-loop-probe
wandb: Synced 5 W&B file(s), 0 media file(s), 0 artifact file(s) and 0 other file(s)
wandb: Find logs at: ./wandb/run-20260404_060157-ylqyoxfy/logs
wandb: [wandb.login()] Loaded credentials for https://api.wandb.ai from WANDB_API_KEY.
wandb: Currently logged in as: wangzhi0467 (wth_ucsd) to https://api.wandb.ai. Use `wandb login --relogin` to force relogin
wandb: Tracking run with wandb version 0.25.0
wandb: Run data is saved locally in /data/scratch/murphy/projects/worktrees/cot-loop-binary-retrain-20260404-full/wandb/run-20260404_060222-034jdi8a
wandb: Run `wandb offline` to turn off syncing.
wandb: Syncing run math500-majority_s_0.5-last_layer-seed0
wandb: ‚≠źÔłŹ View project at https://wandb.ai/wth_ucsd/cot-loop-probe
wandb: ūüöÄ View run at https://wandb.ai/wth_ucsd/cot-loop-probe/runs/034jdi8a
wandb: updating run metadata
wandb: uploading history steps 0-14, summary, console lines 1-14
wandb: 
wandb: Run history:
wandb:                   epoch ‚ĖĀ‚ĖĀ‚Ėā‚ĖÉ‚ĖÉ‚ĖÉ‚ĖĄ‚ĖÖ‚ĖÖ‚ĖÖ‚ĖÜ‚Ėá‚Ėá‚Ėá‚Ėą
wandb:           eval/accuracy ‚ĖÉ‚Ėą‚ĖĄ‚ĖĀ‚ĖĀ‚ĖĄ‚ĖÜ‚ĖÜ‚ĖÜ‚ĖÖ‚ĖÖ‚ĖÜ‚ĖÜ‚ĖÜ‚ĖÜ
wandb:           eval/macro_f1 ‚Ėā‚Ėą‚ĖÖ‚ĖĀ‚ĖĀ‚ĖĄ‚Ėá‚Ėá‚Ėá‚Ėá‚Ėá‚Ėá‚Ėá‚Ėá‚Ėá
wandb:        eval/positive_f1 ‚ĖĀ‚ĖÖ‚ĖÜ‚ĖÖ‚ĖÖ‚ĖÜ‚Ėą‚Ėą‚Ėą‚Ėą‚Ėą‚Ėą‚Ėą‚Ėą‚Ėą
wandb: eval/positive_precision ‚ĖĀ‚ĖÖ‚ĖÜ‚ĖÖ‚ĖÖ‚ĖÜ‚Ėą‚Ėą‚Ėą‚Ėá‚Ėá‚Ėą‚Ėą‚Ėą‚Ėą
wandb:    eval/positive_recall ‚ĖĀ‚ĖÉ‚Ėą‚Ėą‚Ėą‚Ėą‚Ėą‚Ėą‚Ėą‚Ėą‚Ėą‚Ėą‚Ėą‚Ėą‚Ėą
wandb:             eval/pr_auc ‚ĖĀ‚ĖÉ‚ĖÖ‚ĖÜ‚ĖÜ‚ĖÜ‚Ėá‚Ėá‚Ėą‚Ėą‚Ėą‚Ėą‚Ėą‚Ėą‚Ėą
wandb:         eval/prevalence ‚ĖĀ‚ĖĀ‚ĖĀ‚ĖĀ‚ĖĀ‚ĖĀ‚ĖĀ‚ĖĀ‚ĖĀ‚ĖĀ‚ĖĀ‚ĖĀ‚ĖĀ‚ĖĀ‚ĖĀ
wandb:            eval/roc_auc ‚ĖĀ‚ĖÖ‚Ėá‚Ėą‚Ėą‚Ėą‚Ėą‚Ėą‚Ėą‚Ėą‚Ėą‚Ėą‚Ėą‚Ėą‚Ėą
wandb:                    step ‚ĖĀ‚ĖĀ‚Ėā‚ĖÉ‚ĖÉ‚ĖÉ‚ĖĄ‚ĖÖ‚ĖÖ‚ĖÖ‚ĖÜ‚Ėá‚Ėá‚Ėá‚Ėą
wandb:                     +10 ...
wandb: 
wandb: Run summary:
wandb:                   epoch 15
wandb:           eval/accuracy 0.57
wandb:           eval/macro_f1 0.43414
wandb:        eval/positive_f1 0.15686
wandb: eval/positive_precision 0.08511
wandb:    eval/positive_recall 1
wandb:             eval/pr_auc 0.13714
wandb:         eval/prevalence 0.04
wandb:            eval/roc_auc 0.78646
wandb:                    step 15
wandb:                     +10 ...
wandb: 
wandb: ūüöÄ View run math500-majority_s_0.5-last_layer-seed0 at: https://wandb.ai/wth_ucsd/cot-loop-probe/runs/034jdi8a
wandb: ‚≠źÔłŹ View project at: https://wandb.ai/wth_ucsd/cot-loop-probe
wandb: Synced 5 W&B file(s), 0 media file(s), 0 artifact file(s) and 0 other file(s)
wandb: Find logs at: ./wandb/run-20260404_060222-034jdi8a/logs
wandb: [wandb.login()] Loaded credentials for https://api.wandb.ai from WANDB_API_KEY.
wandb: Currently logged in as: wangzhi0467 (wth_ucsd) to https://api.wandb.ai. Use `wandb login --relogin` to force relogin
wandb: setting up run ufh4kgo1
wandb: Tracking run with wandb version 0.25.0
wandb: Run data is saved locally in /data/scratch/murphy/projects/worktrees/cot-loop-binary-retrain-20260404-full/wandb/run-20260404_060236-ufh4kgo1
wandb: Run `wandb offline` to turn off syncing.
wandb: Syncing run math500-majority_s_0.5-last_layer-seed1
wandb: ‚≠źÔłŹ View project at https://wandb.ai/wth_ucsd/cot-loop-probe
wandb: ūüöÄ View run at https://wandb.ai/wth_ucsd/cot-loop-probe/runs/ufh4kgo1
wandb: updating run metadata
wandb: uploading output.log
wandb: 
wandb: Run history:
wandb:                   epoch ‚ĖĀ‚ĖĀ‚Ėā‚ĖÉ‚ĖÉ‚ĖÉ‚ĖĄ‚ĖÖ‚ĖÖ‚ĖÖ‚ĖÜ‚Ėá‚Ėá‚Ėá‚Ėą
wandb:           eval/accuracy ‚Ėā‚ĖĀ‚ĖÖ‚Ėą‚Ėá‚ĖÖ‚ĖÉ‚ĖÉ‚ĖĄ‚ĖÖ‚ĖÖ‚ĖÖ‚ĖÖ‚ĖÖ‚ĖÖ
wandb:           eval/macro_f1 ‚ĖÉ‚ĖĀ‚Ėá‚Ėá‚Ėą‚ĖÜ‚ĖĄ‚ĖĄ‚ĖÜ‚Ėá‚Ėá‚Ėá‚Ėá‚Ėá‚Ėá
wandb:        eval/positive_f1 ‚ĖÖ‚ĖĄ‚ĖÜ‚ĖĀ‚ĖÜ‚Ėá‚ĖÖ‚ĖÖ‚ĖÜ‚Ėą‚Ėą‚Ėą‚Ėą‚Ėą‚Ėą
wandb: eval/positive_precision ‚ĖĄ‚ĖĄ‚ĖÜ‚ĖĀ‚Ėá‚Ėá‚ĖÖ‚ĖÖ‚ĖÜ‚Ėą‚Ėą‚Ėą‚Ėą‚Ėą‚Ėą
wandb:    eval/positive_recall ‚Ėą‚Ėą‚ĖÜ‚ĖĀ‚ĖÉ‚Ėą‚Ėą‚Ėą‚Ėą‚Ėą‚Ėą‚Ėą‚Ėą‚Ėą‚Ėą
wandb:             eval/pr_auc ‚ĖĀ‚Ėą‚ĖÖ‚ĖÜ‚ĖĄ‚ĖĄ‚ĖĄ‚ĖĄ‚ĖĄ‚ĖĄ‚ĖĄ‚ĖĄ‚ĖĄ‚ĖĄ‚ĖĄ
wandb:         eval/prevalence ‚ĖĀ‚ĖĀ‚ĖĀ‚ĖĀ‚ĖĀ‚ĖĀ‚ĖĀ‚ĖĀ‚ĖĀ‚ĖĀ‚ĖĀ‚ĖĀ‚ĖĀ‚ĖĀ‚ĖĀ
wandb:            eval/roc_auc ‚ĖĀ‚ĖÜ‚Ėá‚Ėą‚Ėą‚Ėą‚Ėą‚Ėą‚Ėą‚Ėą‚Ėą‚Ėą‚Ėą‚Ėą‚Ėą
wandb:                    step ‚ĖĀ‚ĖĀ‚Ėā‚ĖÉ‚ĖÉ‚ĖÉ‚ĖĄ‚ĖÖ‚ĖÖ‚ĖÖ‚ĖÜ‚Ėá‚Ėá‚Ėá‚Ėą
wandb:                     +10 ...
wandb: 
wandb: Run summary:
wandb:                   epoch 15
wandb:           eval/accuracy 0.6
wandb:           eval/macro_f1 0.45175
wandb:        eval/positive_f1 0.16667
wandb: eval/positive_precision 0.09091
wandb:    eval/positive_recall 1
wandb:             eval/pr_auc 0.1369
wandb:         eval/prevalence 0.04
wandb:            eval/roc_auc 0.8099
wandb:                    step 15
wandb:                     +10 ...
wandb: 
wandb: ūüöÄ View run math500-majority_s_0.5-last_layer-seed1 at: https://wandb.ai/wth_ucsd/cot-loop-probe/runs/ufh4kgo1
wandb: ‚≠źÔłŹ View project at: https://wandb.ai/wth_ucsd/cot-loop-probe
wandb: Synced 5 W&B file(s), 0 media file(s), 0 artifact file(s) and 0 other file(s)
wandb: Find logs at: ./wandb/run-20260404_060236-ufh4kgo1/logs
wandb: [wandb.login()] Loaded credentials for https://api.wandb.ai from WANDB_API_KEY.
wandb: Currently logged in as: wangzhi0467 (wth_ucsd) to https://api.wandb.ai. Use `wandb login --relogin` to force relogin
wandb: setting up run 3hhyq7mx
wandb: Tracking run with wandb version 0.25.0
wandb: Run data is saved locally in /data/scratch/murphy/projects/worktrees/cot-loop-binary-retrain-20260404-full/wandb/run-20260404_060250-3hhyq7mx
wandb: Run `wandb offline` to turn off syncing.
wandb: Syncing run math500-majority_s_0.5-last_layer-seed2
wandb: ‚≠źÔłŹ View project at https://wandb.ai/wth_ucsd/cot-loop-probe
wandb: ūüöÄ View run at https://wandb.ai/wth_ucsd/cot-loop-probe/runs/3hhyq7mx
wandb: updating run metadata
wandb: uploading output.log; uploading wandb-summary.json; uploading config.yaml
wandb: 
wandb: Run history:
wandb:                   epoch ‚ĖĀ‚ĖĀ‚Ėā‚ĖÉ‚ĖÉ‚ĖÉ‚ĖĄ‚ĖÖ‚ĖÖ‚ĖÖ‚ĖÜ‚Ėá‚Ėá‚Ėá‚Ėą
wandb:           eval/accuracy ‚Ėą‚ĖÖ‚ĖĀ‚ĖÖ‚Ėā‚ĖÉ‚ĖĄ‚ĖÉ‚ĖÉ‚ĖÉ‚ĖÉ‚ĖÉ‚ĖÉ‚ĖÉ‚ĖÉ
wandb:           eval/macro_f1 ‚Ėá‚ĖÜ‚ĖĀ‚Ėą‚ĖÉ‚ĖĄ‚ĖÜ‚ĖÖ‚ĖÖ‚ĖÖ‚ĖÖ‚ĖÖ‚ĖÖ‚ĖÖ‚ĖÖ
wandb:        eval/positive_f1 ‚ĖĀ‚ĖÖ‚ĖÖ‚Ėą‚ĖÜ‚ĖÜ‚Ėá‚ĖÜ‚Ėá‚Ėá‚Ėá‚ĖÜ‚ĖÜ‚ĖÜ‚ĖÜ
wandb: eval/positive_precision ‚ĖĀ‚ĖÖ‚ĖÖ‚Ėą‚ĖÖ‚ĖÜ‚Ėá‚ĖÜ‚ĖÜ‚ĖÜ‚ĖÜ‚ĖÜ‚ĖÜ‚ĖÜ‚ĖÜ
wandb:    eval/positive_recall ‚ĖĀ‚ĖÖ‚Ėą‚Ėą‚Ėą‚Ėą‚Ėą‚Ėą‚Ėą‚Ėą‚Ėą‚Ėą‚Ėą‚Ėą‚Ėą
wandb:             eval/pr_auc ‚ĖĀ‚ĖÉ‚ĖÖ‚ĖÖ‚ĖÜ‚ĖÜ‚Ėá‚Ėá‚Ėá‚Ėą‚Ėą‚Ėą‚Ėą‚Ėą‚Ėą
wandb:         eval/prevalence ‚ĖĀ‚ĖĀ‚ĖĀ‚ĖĀ‚ĖĀ‚ĖĀ‚ĖĀ‚ĖĀ‚ĖĀ‚ĖĀ‚ĖĀ‚ĖĀ‚ĖĀ‚ĖĀ‚ĖĀ
wandb:            eval/roc_auc ‚ĖĀ‚Ėá‚Ėá‚Ėá‚Ėą‚Ėą‚Ėą‚Ėą‚Ėą‚Ėą‚Ėą‚Ėą‚Ėą‚Ėą‚Ėą
wandb:                    step ‚ĖĀ‚ĖĀ‚Ėā‚ĖÉ‚ĖÉ‚ĖÉ‚ĖĄ‚ĖÖ‚ĖÖ‚ĖÖ‚ĖÜ‚Ėá‚Ėá‚Ėá‚Ėą
wandb:                     +10 ...
wandb: 
wandb: Run summary:
wandb:                   epoch 15
wandb:           eval/accuracy 0.56
wandb:           eval/macro_f1 0.42827
wandb:        eval/positive_f1 0.15385
wandb: eval/positive_precision 0.08333
wandb:    eval/positive_recall 1
wandb:             eval/pr_auc 0.11193
wandb:         eval/prevalence 0.04
wandb:            eval/roc_auc 0.78646
wandb:                    step 15
wandb:                     +10 ...
wandb: 
wandb: ūüöÄ View run math500-majority_s_0.5-last_layer-seed2 at: https://wandb.ai/wth_ucsd/cot-loop-probe/runs/3hhyq7mx
wandb: ‚≠źÔłŹ View project at: https://wandb.ai/wth_ucsd/cot-loop-probe
wandb: Synced 5 W&B file(s), 0 media file(s), 0 artifact file(s) and 0 other file(s)
wandb: Find logs at: ./wandb/run-20260404_060250-3hhyq7mx/logs
wandb: [wandb.login()] Loaded credentials for https://api.wandb.ai from WANDB_API_KEY.
wandb: Currently logged in as: wangzhi0467 (wth_ucsd) to https://api.wandb.ai. Use `wandb login --relogin` to force relogin
wandb: setting up run k6ft0j54
wandb: Tracking run with wandb version 0.25.0
wandb: Run data is saved locally in /data/scratch/murphy/projects/worktrees/cot-loop-binary-retrain-20260404-full/wandb/run-20260404_060304-k6ft0j54
wandb: Run `wandb offline` to turn off syncing.
wandb: Syncing run mmlu_pro-majority_s_0.5-ensemble-seed0
wandb: ‚≠źÔłŹ View project at https://wandb.ai/wth_ucsd/cot-loop-probe
wandb: ūüöÄ View run at https://wandb.ai/wth_ucsd/cot-loop-probe/runs/k6ft0j54
wandb: updating run metadata
wandb: uploading wandb-summary.json; uploading config.yaml; uploading output.log
wandb: 
wandb: Run history:
wandb:                   epoch ‚ĖĀ‚ĖĀ‚Ėā‚ĖÉ‚ĖÉ‚ĖÉ‚ĖĄ‚ĖÖ‚ĖÖ‚ĖÖ‚ĖÜ‚Ėá‚Ėá‚Ėá‚Ėą
wandb:           eval/accuracy ‚Ėá‚Ėą‚ĖÖ‚Ėā‚ĖÉ‚ĖÉ‚ĖĄ‚ĖÖ‚ĖÖ‚ĖÉ‚Ėā‚ĖĀ‚ĖĀ‚ĖĀ‚Ėā
wandb:           eval/macro_f1 ‚ĖĀ‚ĖĀ‚ĖÖ‚ĖĄ‚ĖÖ‚ĖÜ‚Ėá‚Ėą‚Ėá‚ĖÖ‚ĖĄ‚ĖÉ‚ĖÉ‚ĖÉ‚ĖĄ
wandb:        eval/positive_f1 ‚ĖĀ‚ĖĀ‚ĖÖ‚ĖÜ‚ĖÜ‚ĖÜ‚Ėá‚Ėą‚Ėą‚ĖÜ‚ĖÖ‚ĖÖ‚ĖÖ‚ĖÖ‚ĖÖ
wandb: eval/positive_precision ‚ĖĀ‚ĖĀ‚ĖÖ‚ĖÖ‚ĖÜ‚ĖÜ‚Ėá‚Ėą‚Ėą‚ĖÜ‚ĖÖ‚ĖÖ‚ĖÖ‚ĖÖ‚ĖÖ
wandb:    eval/positive_recall ‚ĖĀ‚ĖĀ‚ĖÖ‚Ėą‚Ėą‚Ėą‚Ėą‚Ėą‚Ėą‚Ėą‚Ėą‚Ėą‚Ėą‚Ėą‚Ėą
wandb:             eval/pr_auc ‚ĖĀ‚ĖÉ‚ĖÉ‚ĖÜ‚Ėą‚ĖÜ‚ĖÖ‚ĖÖ‚ĖÜ‚ĖÖ‚ĖÖ‚ĖÜ‚ĖĄ‚ĖĄ‚ĖÖ
wandb:         eval/prevalence ‚ĖĀ‚ĖĀ‚ĖĀ‚ĖĀ‚ĖĀ‚ĖĀ‚ĖĀ‚ĖĀ‚ĖĀ‚ĖĀ‚ĖĀ‚ĖĀ‚ĖĀ‚ĖĀ‚ĖĀ
wandb:            eval/roc_auc ‚ĖĀ‚ĖÖ‚Ėá‚Ėá‚Ėą‚Ėą‚Ėá‚Ėą‚Ėá‚Ėá‚Ėá‚Ėą‚Ėá‚Ėá‚Ėá
wandb:                    step ‚ĖĀ‚ĖĀ‚Ėā‚ĖÉ‚ĖÉ‚ĖÉ‚ĖĄ‚ĖÖ‚ĖÖ‚ĖÖ‚ĖÜ‚Ėá‚Ėá‚Ėá‚Ėą
wandb:                     +10 ...
wandb: 
wandb: Run summary:
wandb:                   epoch 15
wandb:           eval/accuracy 0.85625
wandb:           eval/macro_f1 0.53482
wandb:        eval/positive_f1 0.14815
wandb: eval/positive_precision 0.08
wandb:    eval/positive_recall 1
wandb:             eval/pr_auc 0.14286
wandb:         eval/prevalence 0.0125
wandb:            eval/roc_auc 0.93671
wandb:                    step 15
wandb:                     +10 ...
wandb: 
wandb: ūüöÄ View run mmlu_pro-majority_s_0.5-ensemble-seed0 at: https://wandb.ai/wth_ucsd/cot-loop-probe/runs/k6ft0j54
wandb: ‚≠źÔłŹ View project at: https://wandb.ai/wth_ucsd/cot-loop-probe
wandb: Synced 5 W&B file(s), 0 media file(s), 0 artifact file(s) and 0 other file(s)
wandb: Find logs at: ./wandb/run-20260404_060304-k6ft0j54/logs
wandb: [wandb.login()] Loaded credentials for https://api.wandb.ai from WANDB_API_KEY.
wandb: Currently logged in as: wangzhi0467 (wth_ucsd) to https://api.wandb.ai. Use `wandb login --relogin` to force relogin
wandb: setting up run ujuotsxs
wandb: Tracking run with wandb version 0.25.0
wandb: Run data is saved locally in /data/scratch/murphy/projects/worktrees/cot-loop-binary-retrain-20260404-full/wandb/run-20260404_060328-ujuotsxs
wandb: Run `wandb offline` to turn off syncing.
wandb: Syncing run mmlu_pro-majority_s_0.5-ensemble-seed1
wandb: ‚≠źÔłŹ View project at https://wandb.ai/wth_ucsd/cot-loop-probe
wandb: ūüöÄ View run at https://wandb.ai/wth_ucsd/cot-loop-probe/runs/ujuotsxs
wandb: updating run metadata
wandb: uploading config.yaml
wandb: 
wandb: Run history:
wandb:                   epoch ‚ĖĀ‚ĖĀ‚Ėā‚ĖÉ‚ĖÉ‚ĖÉ‚ĖĄ‚ĖÖ‚ĖÖ‚ĖÖ‚ĖÜ‚Ėá‚Ėá‚Ėá‚Ėą
wandb:           eval/accuracy ‚Ėą‚ĖĄ‚ĖĀ‚Ėá‚Ėą‚ĖÖ‚ĖÜ‚ĖĄ‚ĖÉ‚ĖÖ‚ĖÖ‚ĖÜ‚ĖÜ‚ĖÖ‚ĖÖ
wandb:           eval/macro_f1 ‚Ėą‚ĖÉ‚ĖĀ‚Ėá‚Ėą‚ĖÖ‚ĖÜ‚ĖĄ‚Ėā‚ĖÖ‚ĖÖ‚ĖÜ‚ĖÜ‚ĖÖ‚ĖĄ
wandb:        eval/positive_f1 ‚Ėá‚ĖÉ‚ĖĀ‚ĖÜ‚Ėą‚ĖĄ‚ĖÖ‚ĖÉ‚Ėā‚ĖĄ‚ĖĄ‚ĖÖ‚ĖÖ‚ĖĄ‚ĖĄ
wandb: eval/positive_precision ‚Ėá‚ĖÉ‚ĖĀ‚ĖÜ‚Ėą‚ĖĄ‚ĖÖ‚ĖÉ‚Ėā‚ĖĄ‚ĖĄ‚ĖÖ‚ĖÖ‚ĖĄ‚ĖĄ
wandb:    eval/positive_recall ‚ĖĀ‚ĖĀ‚ĖĀ‚ĖĀ‚ĖĀ‚ĖĀ‚ĖĀ‚ĖĀ‚ĖĀ‚ĖĀ‚ĖĀ‚ĖĀ‚ĖĀ‚ĖĀ‚ĖĀ
wandb:             eval/pr_auc ‚Ėą‚ĖĀ‚ĖÉ‚Ėā‚ĖĀ‚Ėā‚ĖÉ‚ĖĄ‚ĖÉ‚Ėā‚Ėā‚Ėā‚Ėā‚Ėā‚ĖÉ
wandb:         eval/prevalence ‚ĖĀ‚ĖĀ‚ĖĀ‚ĖĀ‚ĖĀ‚ĖĀ‚ĖĀ‚ĖĀ‚ĖĀ‚ĖĀ‚ĖĀ‚ĖĀ‚ĖĀ‚ĖĀ‚ĖĀ
wandb:            eval/roc_auc ‚Ėą‚ĖĀ‚ĖĄ‚ĖÉ‚ĖĀ‚Ėā‚Ėā‚ĖĄ‚ĖÖ‚ĖÉ‚ĖÉ‚ĖĄ‚Ėā‚ĖÉ‚ĖÉ
wandb:                    step ‚ĖĀ‚ĖĀ‚Ėā‚ĖÉ‚ĖÉ‚ĖÉ‚ĖĄ‚ĖÖ‚ĖÖ‚ĖÖ‚ĖÜ‚Ėá‚Ėá‚Ėá‚Ėą
wandb:                     +10 ...
wandb: 
wandb: Run summary:
wandb:                   epoch 15
wandb:           eval/accuracy 0.80625
wandb:           eval/macro_f1 0.50276
wandb:        eval/positive_f1 0.11429
wandb: eval/positive_precision 0.06061
wandb:    eval/positive_recall 1
wandb:             eval/pr_auc 0.14286
wandb:         eval/prevalence 0.0125
wandb:            eval/roc_auc 0.93671
wandb:                    step 15
wandb:                     +10 ...
wandb: 
wandb: ūüöÄ View run mmlu_pro-majority_s_0.5-ensemble-seed1 at: https://wandb.ai/wth_ucsd/cot-loop-probe/runs/ujuotsxs
wandb: ‚≠źÔłŹ View project at: https://wandb.ai/wth_ucsd/cot-loop-probe
wandb: Synced 5 W&B file(s), 0 media file(s), 0 artifact file(s) and 0 other file(s)
wandb: Find logs at: ./wandb/run-20260404_060328-ujuotsxs/logs
wandb: [wandb.login()] Loaded credentials for https://api.wandb.ai from WANDB_API_KEY.
wandb: Currently logged in as: wangzhi0467 (wth_ucsd) to https://api.wandb.ai. Use `wandb login --relogin` to force relogin
wandb: setting up run 925kus1d
wandb: Tracking run with wandb version 0.25.0
wandb: Run data is saved locally in /data/scratch/murphy/projects/worktrees/cot-loop-binary-retrain-20260404-full/wandb/run-20260404_060352-925kus1d
wandb: Run `wandb offline` to turn off syncing.
wandb: Syncing run mmlu_pro-majority_s_0.5-ensemble-seed2
wandb: ‚≠źÔłŹ View project at https://wandb.ai/wth_ucsd/cot-loop-probe
wandb: ūüöÄ View run at https://wandb.ai/wth_ucsd/cot-loop-probe/runs/925kus1d
wandb: updating run metadata
wandb: uploading output.log; uploading wandb-summary.json; uploading config.yaml
wandb: 
wandb: Run history:
wandb:                   epoch ‚ĖĀ‚ĖĀ‚Ėā‚ĖÉ‚ĖÉ‚ĖÉ‚ĖĄ‚ĖÖ‚ĖÖ‚ĖÖ‚ĖÜ‚Ėá‚Ėá‚Ėá‚Ėą
wandb:           eval/accuracy ‚ĖÉ‚ĖĀ‚ĖĄ‚Ėą‚Ėą‚ĖÜ‚Ėá‚Ėá‚Ėą‚Ėá‚Ėą‚Ėą‚Ėá‚Ėá‚Ėá
wandb:           eval/macro_f1 ‚ĖĀ‚Ėā‚ĖĄ‚Ėą‚Ėá‚ĖÖ‚Ėá‚Ėá‚Ėą‚Ėá‚Ėá‚Ėá‚Ėá‚Ėá‚ĖÜ
wandb:        eval/positive_f1 ‚ĖĀ‚ĖĄ‚ĖÖ‚Ėą‚Ėá‚ĖÜ‚Ėá‚Ėá‚Ėą‚Ėá‚Ėá‚Ėá‚Ėá‚Ėá‚Ėá
wandb: eval/positive_precision ‚ĖĀ‚ĖĄ‚ĖÖ‚Ėą‚Ėá‚ĖÜ‚Ėá‚Ėá‚Ėą‚Ėá‚Ėá‚Ėá‚Ėá‚Ėá‚ĖÜ
wandb:    eval/positive_recall ‚ĖĀ‚Ėą‚Ėą‚Ėą‚Ėą‚Ėą‚Ėą‚Ėą‚Ėą‚Ėą‚Ėą‚Ėą‚Ėą‚Ėą‚Ėą
wandb:             eval/pr_auc ‚ĖĀ‚ĖĄ‚ĖÖ‚ĖÖ‚ĖÖ‚ĖÖ‚Ėą‚Ėá‚Ėą‚ĖÜ‚ĖÖ‚ĖÖ‚ĖÖ‚ĖÜ‚ĖÜ
wandb:         eval/prevalence ‚ĖĀ‚ĖĀ‚ĖĀ‚ĖĀ‚ĖĀ‚ĖĀ‚ĖĀ‚ĖĀ‚ĖĀ‚ĖĀ‚ĖĀ‚ĖĀ‚ĖĀ‚ĖĀ‚ĖĀ
wandb:            eval/roc_auc ‚ĖĀ‚Ėá‚Ėą‚Ėá‚Ėá‚Ėá‚Ėą‚Ėą‚Ėą‚Ėą‚Ėá‚Ėą‚Ėą‚Ėą‚Ėá
wandb:                    step ‚ĖĀ‚ĖĀ‚Ėā‚ĖÉ‚ĖÉ‚ĖÉ‚ĖĄ‚ĖÖ‚ĖÖ‚ĖÖ‚ĖÜ‚Ėá‚Ėá‚Ėá‚Ėą
wandb:                     +10 ...
wandb: 
wandb: Run summary:
wandb:                   epoch 15
wandb:           eval/accuracy 0.84375
wandb:           eval/macro_f1 0.52601
wandb:        eval/positive_f1 0.13793
wandb: eval/positive_precision 0.07407
wandb:    eval/positive_recall 1
wandb:             eval/pr_auc 0.13333
wandb:         eval/prevalence 0.0125
wandb:            eval/roc_auc 0.93354
wandb:                    step 15
wandb:                     +10 ...
wandb: 
wandb: ūüöÄ View run mmlu_pro-majority_s_0.5-ensemble-seed2 at: https://wandb.ai/wth_ucsd/cot-loop-probe/runs/925kus1d
wandb: ‚≠źÔłŹ View project at: https://wandb.ai/wth_ucsd/cot-loop-probe
wandb: Synced 5 W&B file(s), 0 media file(s), 0 artifact file(s) and 0 other file(s)
wandb: Find logs at: ./wandb/run-20260404_060352-925kus1d/logs
wandb: [wandb.login()] Loaded credentials for https://api.wandb.ai from WANDB_API_KEY.
wandb: Currently logged in as: wangzhi0467 (wth_ucsd) to https://api.wandb.ai. Use `wandb login --relogin` to force relogin
wandb: Tracking run with wandb version 0.25.0
wandb: Run data is saved locally in /data/scratch/murphy/projects/worktrees/cot-loop-binary-retrain-20260404-full/wandb/run-20260404_060416-gr9gm4im
wandb: Run `wandb offline` to turn off syncing.
wandb: Syncing run mmlu_pro-majority_s_0.5-last_layer-seed0
wandb: ‚≠źÔłŹ View project at https://wandb.ai/wth_ucsd/cot-loop-probe
wandb: ūüöÄ View run at https://wandb.ai/wth_ucsd/cot-loop-probe/runs/gr9gm4im
wandb: updating run metadata
wandb: uploading output.log; uploading wandb-summary.json; uploading config.yaml
wandb: 
wandb: Run history:
wandb:                   epoch ‚ĖĀ‚ĖĀ‚Ėā‚ĖÉ‚ĖÉ‚ĖÉ‚ĖĄ‚ĖÖ‚ĖÖ‚ĖÖ‚ĖÜ‚Ėá‚Ėá‚Ėá‚Ėą
wandb:           eval/accuracy ‚ĖĀ‚Ėą‚Ėą‚Ėą‚Ėá‚ĖÜ‚ĖÖ‚ĖÖ‚ĖÖ‚ĖÖ‚ĖÖ‚ĖÜ‚ĖÜ‚ĖÜ‚ĖÜ
wandb:           eval/macro_f1 ‚ĖĀ‚Ėą‚Ėą‚Ėá‚Ėą‚Ėá‚Ėá‚ĖÜ‚ĖÜ‚ĖÜ‚ĖÜ‚Ėá‚Ėá‚Ėá‚Ėá
wandb:        eval/positive_f1 ‚ĖÉ‚ĖĀ‚ĖĀ‚ĖĀ‚Ėą‚Ėą‚ĖÜ‚ĖÖ‚ĖÖ‚ĖÖ‚ĖÖ‚ĖÜ‚ĖÜ‚Ėá‚Ėá
wandb: eval/positive_precision ‚ĖÉ‚ĖĀ‚ĖĀ‚ĖĀ‚Ėą‚Ėą‚ĖÖ‚ĖÖ‚ĖÖ‚ĖÖ‚ĖÖ‚ĖÜ‚ĖÜ‚Ėá‚Ėá
wandb:    eval/positive_recall ‚Ėą‚ĖĀ‚ĖĀ‚ĖĀ‚ĖÖ‚Ėą‚Ėą‚Ėą‚Ėą‚Ėą‚Ėą‚Ėą‚Ėą‚Ėą‚Ėą
wandb:             eval/pr_auc ‚ĖĀ‚ĖÉ‚ĖÖ‚ĖÜ‚Ėá‚Ėá‚Ėá‚Ėá‚Ėą‚Ėą‚Ėą‚Ėą‚Ėą‚Ėą‚Ėą
wandb:         eval/prevalence ‚ĖĀ‚ĖĀ‚ĖĀ‚ĖĀ‚ĖĀ‚ĖĀ‚ĖĀ‚ĖĀ‚ĖĀ‚ĖĀ‚ĖĀ‚ĖĀ‚ĖĀ‚ĖĀ‚ĖĀ
wandb:            eval/roc_auc ‚ĖĀ‚ĖÖ‚Ėá‚Ėą‚Ėą‚Ėą‚Ėą‚Ėą‚Ėą‚Ėą‚Ėą‚Ėą‚Ėą‚Ėą‚Ėą
wandb:                    step ‚ĖĀ‚ĖĀ‚Ėā‚ĖÉ‚ĖÉ‚ĖÉ‚ĖĄ‚ĖÖ‚ĖÖ‚ĖÖ‚ĖÜ‚Ėá‚Ėá‚Ėá‚Ėą
wandb:                     +10 ...
wandb: 
wandb: Run summary:
wandb:                   epoch 15
wandb:           eval/accuracy 0.725
wandb:           eval/macro_f1 0.46078
wandb:        eval/positive_f1 0.08333
wandb: eval/positive_precision 0.04348
wandb:    eval/positive_recall 1
wandb:             eval/pr_auc 0.07143
wandb:         eval/prevalence 0.0125
wandb:            eval/roc_auc 0.87658
wandb:                    step 15
wandb:                     +10 ...
wandb: 
wandb: ūüöÄ View run mmlu_pro-majority_s_0.5-last_layer-seed0 at: https://wandb.ai/wth_ucsd/cot-loop-probe/runs/gr9gm4im
wandb: ‚≠źÔłŹ View project at: https://wandb.ai/wth_ucsd/cot-loop-probe
wandb: Synced 5 W&B file(s), 0 media file(s), 0 artifact file(s) and 0 other file(s)
wandb: Find logs at: ./wandb/run-20260404_060416-gr9gm4im/logs
wandb: [wandb.login()] Loaded credentials for https://api.wandb.ai from WANDB_API_KEY.
wandb: Currently logged in as: wangzhi0467 (wth_ucsd) to https://api.wandb.ai. Use `wandb login --relogin` to force relogin
wandb: setting up run cwvshdfi
wandb: Tracking run with wandb version 0.25.0
wandb: Run data is saved locally in /data/scratch/murphy/projects/worktrees/cot-loop-binary-retrain-20260404-full/wandb/run-20260404_060430-cwvshdfi
wandb: Run `wandb offline` to turn off syncing.
wandb: Syncing run mmlu_pro-majority_s_0.5-last_layer-seed1
wandb: ‚≠źÔłŹ View project at https://wandb.ai/wth_ucsd/cot-loop-probe
wandb: ūüöÄ View run at https://wandb.ai/wth_ucsd/cot-loop-probe/runs/cwvshdfi
wandb: updating run metadata
wandb: uploading output.log; uploading wandb-summary.json; uploading config.yaml
wandb: 
wandb: Run history:
wandb:                   epoch ‚ĖĀ‚ĖĀ‚Ėā‚ĖÉ‚ĖÉ‚ĖÉ‚ĖĄ‚ĖÖ‚ĖÖ‚ĖÖ‚ĖÜ‚Ėá‚Ėá‚Ėá‚Ėą
wandb:           eval/accuracy ‚ĖĀ‚ĖÉ‚Ėą‚Ėą‚Ėá‚ĖÖ‚ĖĄ‚ĖĄ‚ĖÖ‚ĖÜ‚Ėá‚Ėá‚Ėá‚Ėą‚Ėą
wandb:           eval/macro_f1 ‚ĖĀ‚ĖĄ‚Ėą‚Ėą‚Ėá‚ĖÜ‚ĖÖ‚ĖÖ‚ĖÜ‚Ėá‚Ėá‚Ėą‚Ėá‚Ėą‚Ėą
wandb:        eval/positive_f1 ‚ĖĀ‚Ėā‚Ėą‚Ėą‚ĖÜ‚ĖÉ‚Ėā‚Ėā‚ĖÉ‚ĖĄ‚ĖÜ‚Ėą‚ĖÖ‚ĖÜ‚Ėá
wandb: eval/positive_precision ‚ĖĀ‚Ėā‚Ėą‚Ėą‚ĖÖ‚ĖÉ‚Ėā‚Ėā‚ĖÉ‚ĖĄ‚ĖÜ‚Ėá‚ĖĄ‚ĖÜ‚Ėá
wandb:    eval/positive_recall ‚Ėą‚Ėą‚ĖĀ‚ĖĀ‚Ėą‚Ėą‚Ėą‚Ėą‚Ėą‚Ėą‚Ėą‚Ėą‚ĖĀ‚ĖĀ‚ĖĀ
wandb:             eval/pr_auc ‚ĖĀ‚ĖÉ‚ĖÖ‚ĖÖ‚ĖÖ‚ĖÜ‚Ėá‚Ėą‚Ėá‚Ėá‚Ėá‚Ėá‚Ėá‚Ėá‚Ėá
wandb:         eval/prevalence ‚ĖĀ‚ĖĀ‚ĖĀ‚ĖĀ‚ĖĀ‚ĖĀ‚ĖĀ‚ĖĀ‚ĖĀ‚ĖĀ‚ĖĀ‚ĖĀ‚ĖĀ‚ĖĀ‚ĖĀ
wandb:            eval/roc_auc ‚ĖĀ‚ĖÖ‚ĖÜ‚ĖÜ‚Ėá‚Ėá‚Ėą‚Ėą‚Ėą‚Ėą‚Ėą‚Ėą‚Ėą‚Ėą‚Ėą
wandb:                    step ‚ĖĀ‚ĖĀ‚Ėā‚ĖÉ‚ĖÉ‚ĖÉ‚ĖĄ‚ĖÖ‚ĖÖ‚ĖÖ‚ĖÜ‚Ėá‚Ėá‚Ėá‚Ėą
wandb:                     +10 ...
wandb: 
wandb: Run summary:
wandb:                   epoch 15
wandb:           eval/accuracy 0.8875
wandb:           eval/macro_f1 0.52
wandb:        eval/positive_f1 0.1
wandb: eval/positive_precision 0.05556
wandb:    eval/positive_recall 0.5
wandb:             eval/pr_auc 0.09954
wandb:         eval/prevalence 0.0125
wandb:            eval/roc_auc 0.89873
wandb:                    step 15
wandb:                     +10 ...
wandb: 
wandb: ūüöÄ View run mmlu_pro-majority_s_0.5-last_layer-seed1 at: https://wandb.ai/wth_ucsd/cot-loop-probe/runs/cwvshdfi
wandb: ‚≠źÔłŹ View project at: https://wandb.ai/wth_ucsd/cot-loop-probe
wandb: Synced 5 W&B file(s), 0 media file(s), 0 artifact file(s) and 0 other file(s)
wandb: Find logs at: ./wandb/run-20260404_060430-cwvshdfi/logs
wandb: [wandb.login()] Loaded credentials for https://api.wandb.ai from WANDB_API_KEY.
wandb: Currently logged in as: wangzhi0467 (wth_ucsd) to https://api.wandb.ai. Use `wandb login --relogin` to force relogin
wandb: setting up run msetxe9m
wandb: Tracking run with wandb version 0.25.0
wandb: Run data is saved locally in /data/scratch/murphy/projects/worktrees/cot-loop-binary-retrain-20260404-full/wandb/run-20260404_060444-msetxe9m
wandb: Run `wandb offline` to turn off syncing.
wandb: Syncing run mmlu_pro-majority_s_0.5-last_layer-seed2
wandb: ‚≠źÔłŹ View project at https://wandb.ai/wth_ucsd/cot-loop-probe
wandb: ūüöÄ View run at https://wandb.ai/wth_ucsd/cot-loop-probe/runs/msetxe9m
wandb: updating run metadata
wandb: uploading output.log
wandb: 
wandb: Run history:
wandb:                   epoch ‚ĖĀ‚ĖĀ‚Ėā‚ĖÉ‚ĖÉ‚ĖÉ‚ĖĄ‚ĖÖ‚ĖÖ‚ĖÖ‚ĖÜ‚Ėá‚Ėá‚Ėá‚Ėą
wandb:           eval/accuracy ‚Ėą‚Ėą‚Ėą‚ĖÖ‚ĖĀ‚ĖĀ‚ĖÉ‚ĖÜ‚Ėá‚Ėą‚Ėą‚Ėą‚Ėą‚Ėą‚Ėá
wandb:           eval/macro_f1 ‚Ėá‚Ėá‚Ėá‚ĖÜ‚ĖĀ‚ĖĀ‚ĖÉ‚Ėá‚Ėą‚Ėá‚Ėá‚Ėá‚Ėá‚Ėá‚Ėą
wandb:        eval/positive_f1 ‚ĖĀ‚ĖĀ‚ĖĀ‚ĖĄ‚Ėā‚Ėā‚Ėā‚ĖÖ‚Ėą‚ĖĀ‚ĖĀ‚ĖĀ‚ĖĀ‚ĖĀ‚Ėá
wandb: eval/positive_precision ‚ĖĀ‚ĖĀ‚ĖĀ‚ĖĄ‚Ėā‚Ėā‚Ėā‚ĖĄ‚Ėą‚ĖĀ‚ĖĀ‚ĖĀ‚ĖĀ‚ĖĀ‚Ėá
wandb:    eval/positive_recall ‚ĖĀ‚ĖĀ‚ĖĀ‚Ėą‚Ėą‚Ėą‚Ėą‚Ėą‚Ėą‚ĖĀ‚ĖĀ‚ĖĀ‚ĖĀ‚ĖĀ‚ĖÖ
wandb:             eval/pr_auc ‚ĖĀ‚ĖÜ‚Ėą‚Ėá‚Ėá‚ĖÜ‚ĖÜ‚ĖÖ‚ĖÖ‚ĖÖ‚ĖÖ‚ĖÖ‚ĖÖ‚ĖÖ‚ĖÖ
wandb:         eval/prevalence ‚ĖĀ‚ĖĀ‚ĖĀ‚ĖĀ‚ĖĀ‚ĖĀ‚ĖĀ‚ĖĀ‚ĖĀ‚ĖĀ‚ĖĀ‚ĖĀ‚ĖĀ‚ĖĀ‚ĖĀ
wandb:            eval/roc_auc ‚ĖĀ‚Ėá‚Ėą‚Ėą‚Ėą‚Ėą‚Ėá‚Ėá‚Ėá‚Ėá‚Ėá‚Ėá‚Ėá‚Ėá‚Ėá
wandb:                    step ‚ĖĀ‚ĖĀ‚Ėā‚ĖÉ‚ĖÉ‚ĖÉ‚ĖĄ‚ĖÖ‚ĖÖ‚ĖÖ‚ĖÜ‚Ėá‚Ėá‚Ėá‚Ėą
wandb:                     +10 ...
wandb: 
wandb: Run summary:
wandb:                   epoch 15
wandb:           eval/accuracy 0.91875
wandb:           eval/macro_f1 0.54536
wandb:        eval/positive_f1 0.13333
wandb: eval/positive_precision 0.07692
wandb:    eval/positive_recall 0.5
wandb:             eval/pr_auc 0.08712
wandb:         eval/prevalence 0.0125
wandb:            eval/roc_auc 0.9019
wandb:                    step 15
wandb:                     +10 ...
wandb: 
wandb: ūüöÄ View run mmlu_pro-majority_s_0.5-last_layer-seed2 at: https://wandb.ai/wth_ucsd/cot-loop-probe/runs/msetxe9m
wandb: ‚≠źÔłŹ View project at: https://wandb.ai/wth_ucsd/cot-loop-probe
wandb: Synced 5 W&B file(s), 0 media file(s), 0 artifact file(s) and 0 other file(s)
wandb: Find logs at: ./wandb/run-20260404_060444-msetxe9m/logs
